{"/home/dam0ne/bootcamp/collab/skylab-bootcamp-201907/staff/jorge-garces/wannadog/wannadog-api/logic/dog/register-dog/index.spec.js":{"path":"/home/dam0ne/bootcamp/collab/skylab-bootcamp-201907/staff/jorge-garces/wannadog/wannadog-api/logic/dog/register-dog/index.spec.js","statementMap":{"0":{"start":{"line":1,"column":14},"end":{"line":1,"column":39}},"1":{"start":{"line":2,"column":19},"end":{"line":2,"column":34}},"2":{"start":{"line":3,"column":29},"end":{"line":3,"column":53}},"3":{"start":{"line":4,"column":22},"end":{"line":4,"column":28}},"4":{"start":{"line":6,"column":0},"end":{"line":289,"column":2}},"5":{"start":{"line":8,"column":4},"end":{"line":8,"column":72}},"6":{"start":{"line":8,"column":17},"end":{"line":8,"column":71}},"7":{"start":{"line":15,"column":4},"end":{"line":49,"column":6}},"8":{"start":{"line":16,"column":27},"end":{"line":16,"column":84}},"9":{"start":{"line":17,"column":26},"end":{"line":17,"column":60}},"10":{"start":{"line":19,"column":8},"end":{"line":19,"column":41}},"11":{"start":{"line":20,"column":8},"end":{"line":20,"column":78}},"12":{"start":{"line":21,"column":8},"end":{"line":21,"column":51}},"13":{"start":{"line":22,"column":8},"end":{"line":22,"column":75}},"14":{"start":{"line":23,"column":8},"end":{"line":23,"column":23}},"15":{"start":{"line":24,"column":8},"end":{"line":24,"column":40}},"16":{"start":{"line":25,"column":8},"end":{"line":25,"column":53}},"17":{"start":{"line":26,"column":8},"end":{"line":26,"column":53}},"18":{"start":{"line":27,"column":8},"end":{"line":27,"column":53}},"19":{"start":{"line":28,"column":8},"end":{"line":28,"column":57}},"20":{"start":{"line":29,"column":8},"end":{"line":29,"column":40}},"21":{"start":{"line":30,"column":8},"end":{"line":30,"column":72}},"22":{"start":{"line":31,"column":8},"end":{"line":31,"column":69}},"23":{"start":{"line":33,"column":8},"end":{"line":48,"column":12}},"24":{"start":{"line":36,"column":12},"end":{"line":36,"column":46}},"25":{"start":{"line":37,"column":12},"end":{"line":37,"column":48}},"26":{"start":{"line":38,"column":12},"end":{"line":38,"column":53}},"27":{"start":{"line":39,"column":12},"end":{"line":39,"column":47}},"28":{"start":{"line":40,"column":12},"end":{"line":40,"column":80}},"29":{"start":{"line":41,"column":12},"end":{"line":41,"column":77}},"30":{"start":{"line":44,"column":25},"end":{"line":44,"column":146}},"31":{"start":{"line":45,"column":12},"end":{"line":45,"column":24}},"32":{"start":{"line":47,"column":12},"end":{"line":47,"column":20}},"33":{"start":{"line":51,"column":4},"end":{"line":67,"column":6}},"34":{"start":{"line":53,"column":20},"end":{"line":53,"column":157}},"35":{"start":{"line":54,"column":8},"end":{"line":54,"column":28}},"36":{"start":{"line":55,"column":25},"end":{"line":55,"column":52}},"37":{"start":{"line":56,"column":8},"end":{"line":56,"column":33}},"38":{"start":{"line":57,"column":8},"end":{"line":57,"column":41}},"39":{"start":{"line":58,"column":8},"end":{"line":58,"column":46}},"40":{"start":{"line":59,"column":8},"end":{"line":59,"column":48}},"41":{"start":{"line":60,"column":8},"end":{"line":60,"column":44}},"42":{"start":{"line":61,"column":8},"end":{"line":61,"column":57}},"43":{"start":{"line":62,"column":8},"end":{"line":62,"column":52}},"44":{"start":{"line":63,"column":8},"end":{"line":63,"column":52}},"45":{"start":{"line":64,"column":8},"end":{"line":64,"column":52}},"46":{"start":{"line":65,"column":8},"end":{"line":65,"column":60}},"47":{"start":{"line":66,"column":8},"end":{"line":66,"column":44}},"48":{"start":{"line":69,"column":4},"end":{"line":81,"column":6}},"49":{"start":{"line":70,"column":8},"end":{"line":79,"column":9}},"50":{"start":{"line":71,"column":12},"end":{"line":71,"column":142}},"51":{"start":{"line":73,"column":12},"end":{"line":73,"column":149}},"52":{"start":{"line":77,"column":12},"end":{"line":77,"column":36}},"53":{"start":{"line":78,"column":12},"end":{"line":78,"column":59}},"54":{"start":{"line":85,"column":4},"end":{"line":89,"column":5}},"55":{"start":{"line":86,"column":8},"end":{"line":88,"column":44}},"56":{"start":{"line":87,"column":12},"end":{"line":87,"column":148}},"57":{"start":{"line":91,"column":4},"end":{"line":95,"column":5}},"58":{"start":{"line":92,"column":8},"end":{"line":94,"column":63}},"59":{"start":{"line":93,"column":12},"end":{"line":93,"column":155}},"60":{"start":{"line":97,"column":4},"end":{"line":101,"column":5}},"61":{"start":{"line":98,"column":8},"end":{"line":100,"column":57}},"62":{"start":{"line":99,"column":12},"end":{"line":99,"column":149}},"63":{"start":{"line":104,"column":4},"end":{"line":108,"column":5}},"64":{"start":{"line":105,"column":8},"end":{"line":107,"column":45}},"65":{"start":{"line":106,"column":12},"end":{"line":106,"column":147}},"66":{"start":{"line":110,"column":4},"end":{"line":114,"column":5}},"67":{"start":{"line":111,"column":8},"end":{"line":113,"column":64}},"68":{"start":{"line":112,"column":12},"end":{"line":112,"column":154}},"69":{"start":{"line":116,"column":4},"end":{"line":120,"column":5}},"70":{"start":{"line":117,"column":8},"end":{"line":119,"column":58}},"71":{"start":{"line":118,"column":12},"end":{"line":118,"column":148}},"72":{"start":{"line":123,"column":4},"end":{"line":127,"column":5}},"73":{"start":{"line":124,"column":8},"end":{"line":126,"column":46}},"74":{"start":{"line":125,"column":12},"end":{"line":125,"column":146}},"75":{"start":{"line":129,"column":4},"end":{"line":133,"column":5}},"76":{"start":{"line":130,"column":8},"end":{"line":132,"column":66}},"77":{"start":{"line":131,"column":12},"end":{"line":131,"column":153}},"78":{"start":{"line":135,"column":4},"end":{"line":139,"column":5}},"79":{"start":{"line":136,"column":8},"end":{"line":138,"column":60}},"80":{"start":{"line":137,"column":12},"end":{"line":137,"column":147}},"81":{"start":{"line":141,"column":4},"end":{"line":145,"column":5}},"82":{"start":{"line":142,"column":8},"end":{"line":144,"column":44}},"83":{"start":{"line":143,"column":12},"end":{"line":143,"column":148}},"84":{"start":{"line":147,"column":4},"end":{"line":151,"column":5}},"85":{"start":{"line":148,"column":8},"end":{"line":150,"column":63}},"86":{"start":{"line":149,"column":12},"end":{"line":149,"column":155}},"87":{"start":{"line":153,"column":4},"end":{"line":157,"column":5}},"88":{"start":{"line":154,"column":8},"end":{"line":156,"column":57}},"89":{"start":{"line":155,"column":12},"end":{"line":155,"column":144}},"90":{"start":{"line":161,"column":4},"end":{"line":165,"column":5}},"91":{"start":{"line":162,"column":8},"end":{"line":164,"column":64}},"92":{"start":{"line":163,"column":12},"end":{"line":163,"column":154}},"93":{"start":{"line":167,"column":4},"end":{"line":171,"column":5}},"94":{"start":{"line":168,"column":8},"end":{"line":170,"column":58}},"95":{"start":{"line":169,"column":12},"end":{"line":169,"column":148}},"96":{"start":{"line":174,"column":4},"end":{"line":177,"column":5}},"97":{"start":{"line":175,"column":8},"end":{"line":176,"column":184}},"98":{"start":{"line":176,"column":12},"end":{"line":176,"column":144}},"99":{"start":{"line":179,"column":4},"end":{"line":183,"column":5}},"100":{"start":{"line":180,"column":8},"end":{"line":182,"column":68}},"101":{"start":{"line":181,"column":12},"end":{"line":181,"column":151}},"102":{"start":{"line":185,"column":4},"end":{"line":189,"column":5}},"103":{"start":{"line":186,"column":8},"end":{"line":188,"column":62}},"104":{"start":{"line":187,"column":12},"end":{"line":187,"column":145}},"105":{"start":{"line":191,"column":4},"end":{"line":194,"column":5}},"106":{"start":{"line":192,"column":8},"end":{"line":193,"column":184}},"107":{"start":{"line":193,"column":12},"end":{"line":193,"column":144}},"108":{"start":{"line":196,"column":4},"end":{"line":200,"column":5}},"109":{"start":{"line":197,"column":8},"end":{"line":199,"column":68}},"110":{"start":{"line":198,"column":12},"end":{"line":198,"column":151}},"111":{"start":{"line":202,"column":4},"end":{"line":206,"column":5}},"112":{"start":{"line":203,"column":8},"end":{"line":205,"column":62}},"113":{"start":{"line":204,"column":12},"end":{"line":204,"column":145}},"114":{"start":{"line":208,"column":4},"end":{"line":211,"column":5}},"115":{"start":{"line":209,"column":8},"end":{"line":210,"column":184}},"116":{"start":{"line":210,"column":12},"end":{"line":210,"column":144}},"117":{"start":{"line":213,"column":4},"end":{"line":217,"column":5}},"118":{"start":{"line":214,"column":8},"end":{"line":216,"column":68}},"119":{"start":{"line":215,"column":12},"end":{"line":215,"column":151}},"120":{"start":{"line":219,"column":4},"end":{"line":223,"column":5}},"121":{"start":{"line":220,"column":8},"end":{"line":222,"column":62}},"122":{"start":{"line":221,"column":12},"end":{"line":221,"column":145}},"123":{"start":{"line":225,"column":4},"end":{"line":228,"column":5}},"124":{"start":{"line":226,"column":8},"end":{"line":227,"column":184}},"125":{"start":{"line":227,"column":12},"end":{"line":227,"column":140}},"126":{"start":{"line":230,"column":4},"end":{"line":234,"column":5}},"127":{"start":{"line":231,"column":8},"end":{"line":233,"column":72}},"128":{"start":{"line":232,"column":12},"end":{"line":232,"column":147}},"129":{"start":{"line":236,"column":4},"end":{"line":240,"column":5}},"130":{"start":{"line":237,"column":8},"end":{"line":239,"column":66}},"131":{"start":{"line":238,"column":12},"end":{"line":238,"column":141}},"132":{"start":{"line":242,"column":4},"end":{"line":245,"column":5}},"133":{"start":{"line":243,"column":8},"end":{"line":244,"column":180}},"134":{"start":{"line":244,"column":12},"end":{"line":244,"column":144}},"135":{"start":{"line":247,"column":4},"end":{"line":251,"column":5}},"136":{"start":{"line":248,"column":8},"end":{"line":250,"column":63}},"137":{"start":{"line":249,"column":12},"end":{"line":249,"column":151}},"138":{"start":{"line":253,"column":4},"end":{"line":257,"column":5}},"139":{"start":{"line":254,"column":8},"end":{"line":256,"column":57}},"140":{"start":{"line":255,"column":12},"end":{"line":255,"column":145}},"141":{"start":{"line":288,"column":4},"end":{"line":288,"column":38}},"142":{"start":{"line":288,"column":16},"end":{"line":288,"column":37}}},"fnMap":{"0":{"name":"(anonymous_0)","decl":{"start":{"line":6,"column":33},"end":{"line":6,"column":34}},"loc":{"start":{"line":6,"column":39},"end":{"line":289,"column":1}},"line":6},"1":{"name":"(anonymous_1)","decl":{"start":{"line":8,"column":11},"end":{"line":8,"column":12}},"loc":{"start":{"line":8,"column":17},"end":{"line":8,"column":71}},"line":8},"2":{"name":"(anonymous_2)","decl":{"start":{"line":15,"column":15},"end":{"line":15,"column":16}},"loc":{"start":{"line":15,"column":21},"end":{"line":49,"column":5}},"line":15},"3":{"name":"(anonymous_3)","decl":{"start":{"line":33,"column":16},"end":{"line":33,"column":17}},"loc":{"start":{"line":33,"column":28},"end":{"line":48,"column":9}},"line":33},"4":{"name":"(anonymous_4)","decl":{"start":{"line":51,"column":41},"end":{"line":51,"column":42}},"loc":{"start":{"line":51,"column":53},"end":{"line":67,"column":5}},"line":51},"5":{"name":"(anonymous_5)","decl":{"start":{"line":69,"column":48},"end":{"line":69,"column":49}},"loc":{"start":{"line":69,"column":60},"end":{"line":81,"column":5}},"line":69},"6":{"name":"(anonymous_6)","decl":{"start":{"line":85,"column":36},"end":{"line":85,"column":37}},"loc":{"start":{"line":86,"column":8},"end":{"line":88,"column":44}},"line":86},"7":{"name":"(anonymous_7)","decl":{"start":{"line":86,"column":15},"end":{"line":86,"column":16}},"loc":{"start":{"line":87,"column":12},"end":{"line":87,"column":148}},"line":87},"8":{"name":"(anonymous_8)","decl":{"start":{"line":91,"column":40},"end":{"line":91,"column":41}},"loc":{"start":{"line":92,"column":8},"end":{"line":94,"column":63}},"line":92},"9":{"name":"(anonymous_9)","decl":{"start":{"line":92,"column":15},"end":{"line":92,"column":16}},"loc":{"start":{"line":93,"column":12},"end":{"line":93,"column":155}},"line":93},"10":{"name":"(anonymous_10)","decl":{"start":{"line":97,"column":41},"end":{"line":97,"column":42}},"loc":{"start":{"line":98,"column":8},"end":{"line":100,"column":57}},"line":98},"11":{"name":"(anonymous_11)","decl":{"start":{"line":98,"column":15},"end":{"line":98,"column":16}},"loc":{"start":{"line":99,"column":12},"end":{"line":99,"column":149}},"line":99},"12":{"name":"(anonymous_12)","decl":{"start":{"line":104,"column":37},"end":{"line":104,"column":38}},"loc":{"start":{"line":105,"column":8},"end":{"line":107,"column":45}},"line":105},"13":{"name":"(anonymous_13)","decl":{"start":{"line":105,"column":15},"end":{"line":105,"column":16}},"loc":{"start":{"line":106,"column":12},"end":{"line":106,"column":147}},"line":106},"14":{"name":"(anonymous_14)","decl":{"start":{"line":110,"column":41},"end":{"line":110,"column":42}},"loc":{"start":{"line":111,"column":8},"end":{"line":113,"column":64}},"line":111},"15":{"name":"(anonymous_15)","decl":{"start":{"line":111,"column":15},"end":{"line":111,"column":16}},"loc":{"start":{"line":112,"column":12},"end":{"line":112,"column":154}},"line":112},"16":{"name":"(anonymous_16)","decl":{"start":{"line":116,"column":41},"end":{"line":116,"column":42}},"loc":{"start":{"line":117,"column":8},"end":{"line":119,"column":58}},"line":117},"17":{"name":"(anonymous_17)","decl":{"start":{"line":117,"column":15},"end":{"line":117,"column":16}},"loc":{"start":{"line":118,"column":12},"end":{"line":118,"column":148}},"line":118},"18":{"name":"(anonymous_18)","decl":{"start":{"line":123,"column":38},"end":{"line":123,"column":39}},"loc":{"start":{"line":124,"column":8},"end":{"line":126,"column":46}},"line":124},"19":{"name":"(anonymous_19)","decl":{"start":{"line":124,"column":15},"end":{"line":124,"column":16}},"loc":{"start":{"line":125,"column":12},"end":{"line":125,"column":146}},"line":125},"20":{"name":"(anonymous_20)","decl":{"start":{"line":129,"column":42},"end":{"line":129,"column":43}},"loc":{"start":{"line":130,"column":8},"end":{"line":132,"column":66}},"line":130},"21":{"name":"(anonymous_21)","decl":{"start":{"line":130,"column":15},"end":{"line":130,"column":16}},"loc":{"start":{"line":131,"column":12},"end":{"line":131,"column":153}},"line":131},"22":{"name":"(anonymous_22)","decl":{"start":{"line":135,"column":41},"end":{"line":135,"column":42}},"loc":{"start":{"line":136,"column":8},"end":{"line":138,"column":60}},"line":136},"23":{"name":"(anonymous_23)","decl":{"start":{"line":136,"column":15},"end":{"line":136,"column":16}},"loc":{"start":{"line":137,"column":12},"end":{"line":137,"column":147}},"line":137},"24":{"name":"(anonymous_24)","decl":{"start":{"line":141,"column":36},"end":{"line":141,"column":37}},"loc":{"start":{"line":142,"column":8},"end":{"line":144,"column":44}},"line":142},"25":{"name":"(anonymous_25)","decl":{"start":{"line":142,"column":15},"end":{"line":142,"column":16}},"loc":{"start":{"line":143,"column":12},"end":{"line":143,"column":148}},"line":143},"26":{"name":"(anonymous_26)","decl":{"start":{"line":147,"column":40},"end":{"line":147,"column":41}},"loc":{"start":{"line":148,"column":8},"end":{"line":150,"column":63}},"line":148},"27":{"name":"(anonymous_27)","decl":{"start":{"line":148,"column":15},"end":{"line":148,"column":16}},"loc":{"start":{"line":149,"column":12},"end":{"line":149,"column":155}},"line":149},"28":{"name":"(anonymous_28)","decl":{"start":{"line":153,"column":41},"end":{"line":153,"column":42}},"loc":{"start":{"line":154,"column":8},"end":{"line":156,"column":57}},"line":154},"29":{"name":"(anonymous_29)","decl":{"start":{"line":154,"column":15},"end":{"line":154,"column":16}},"loc":{"start":{"line":155,"column":12},"end":{"line":155,"column":144}},"line":155},"30":{"name":"(anonymous_30)","decl":{"start":{"line":161,"column":41},"end":{"line":161,"column":42}},"loc":{"start":{"line":162,"column":8},"end":{"line":164,"column":64}},"line":162},"31":{"name":"(anonymous_31)","decl":{"start":{"line":162,"column":15},"end":{"line":162,"column":16}},"loc":{"start":{"line":163,"column":12},"end":{"line":163,"column":154}},"line":163},"32":{"name":"(anonymous_32)","decl":{"start":{"line":167,"column":41},"end":{"line":167,"column":42}},"loc":{"start":{"line":168,"column":8},"end":{"line":170,"column":58}},"line":168},"33":{"name":"(anonymous_33)","decl":{"start":{"line":168,"column":15},"end":{"line":168,"column":16}},"loc":{"start":{"line":169,"column":12},"end":{"line":169,"column":148}},"line":169},"34":{"name":"(anonymous_34)","decl":{"start":{"line":174,"column":40},"end":{"line":174,"column":41}},"loc":{"start":{"line":175,"column":8},"end":{"line":176,"column":184}},"line":175},"35":{"name":"(anonymous_35)","decl":{"start":{"line":175,"column":15},"end":{"line":175,"column":16}},"loc":{"start":{"line":176,"column":12},"end":{"line":176,"column":144}},"line":176},"36":{"name":"(anonymous_36)","decl":{"start":{"line":179,"column":44},"end":{"line":179,"column":45}},"loc":{"start":{"line":180,"column":8},"end":{"line":182,"column":68}},"line":180},"37":{"name":"(anonymous_37)","decl":{"start":{"line":180,"column":15},"end":{"line":180,"column":16}},"loc":{"start":{"line":181,"column":12},"end":{"line":181,"column":151}},"line":181},"38":{"name":"(anonymous_38)","decl":{"start":{"line":185,"column":41},"end":{"line":185,"column":42}},"loc":{"start":{"line":186,"column":8},"end":{"line":188,"column":62}},"line":186},"39":{"name":"(anonymous_39)","decl":{"start":{"line":186,"column":15},"end":{"line":186,"column":16}},"loc":{"start":{"line":187,"column":12},"end":{"line":187,"column":145}},"line":187},"40":{"name":"(anonymous_40)","decl":{"start":{"line":191,"column":40},"end":{"line":191,"column":41}},"loc":{"start":{"line":192,"column":8},"end":{"line":193,"column":184}},"line":192},"41":{"name":"(anonymous_41)","decl":{"start":{"line":192,"column":15},"end":{"line":192,"column":16}},"loc":{"start":{"line":193,"column":12},"end":{"line":193,"column":144}},"line":193},"42":{"name":"(anonymous_42)","decl":{"start":{"line":196,"column":44},"end":{"line":196,"column":45}},"loc":{"start":{"line":197,"column":8},"end":{"line":199,"column":68}},"line":197},"43":{"name":"(anonymous_43)","decl":{"start":{"line":197,"column":15},"end":{"line":197,"column":16}},"loc":{"start":{"line":198,"column":12},"end":{"line":198,"column":151}},"line":198},"44":{"name":"(anonymous_44)","decl":{"start":{"line":202,"column":41},"end":{"line":202,"column":42}},"loc":{"start":{"line":203,"column":8},"end":{"line":205,"column":62}},"line":203},"45":{"name":"(anonymous_45)","decl":{"start":{"line":203,"column":15},"end":{"line":203,"column":16}},"loc":{"start":{"line":204,"column":12},"end":{"line":204,"column":145}},"line":204},"46":{"name":"(anonymous_46)","decl":{"start":{"line":208,"column":40},"end":{"line":208,"column":41}},"loc":{"start":{"line":209,"column":8},"end":{"line":210,"column":184}},"line":209},"47":{"name":"(anonymous_47)","decl":{"start":{"line":209,"column":15},"end":{"line":209,"column":16}},"loc":{"start":{"line":210,"column":12},"end":{"line":210,"column":144}},"line":210},"48":{"name":"(anonymous_48)","decl":{"start":{"line":213,"column":44},"end":{"line":213,"column":45}},"loc":{"start":{"line":214,"column":8},"end":{"line":216,"column":68}},"line":214},"49":{"name":"(anonymous_49)","decl":{"start":{"line":214,"column":15},"end":{"line":214,"column":16}},"loc":{"start":{"line":215,"column":12},"end":{"line":215,"column":151}},"line":215},"50":{"name":"(anonymous_50)","decl":{"start":{"line":219,"column":41},"end":{"line":219,"column":42}},"loc":{"start":{"line":220,"column":8},"end":{"line":222,"column":62}},"line":220},"51":{"name":"(anonymous_51)","decl":{"start":{"line":220,"column":15},"end":{"line":220,"column":16}},"loc":{"start":{"line":221,"column":12},"end":{"line":221,"column":145}},"line":221},"52":{"name":"(anonymous_52)","decl":{"start":{"line":225,"column":44},"end":{"line":225,"column":45}},"loc":{"start":{"line":226,"column":8},"end":{"line":227,"column":184}},"line":226},"53":{"name":"(anonymous_53)","decl":{"start":{"line":226,"column":15},"end":{"line":226,"column":16}},"loc":{"start":{"line":227,"column":12},"end":{"line":227,"column":140}},"line":227},"54":{"name":"(anonymous_54)","decl":{"start":{"line":230,"column":48},"end":{"line":230,"column":49}},"loc":{"start":{"line":231,"column":8},"end":{"line":233,"column":72}},"line":231},"55":{"name":"(anonymous_55)","decl":{"start":{"line":231,"column":15},"end":{"line":231,"column":16}},"loc":{"start":{"line":232,"column":12},"end":{"line":232,"column":147}},"line":232},"56":{"name":"(anonymous_56)","decl":{"start":{"line":236,"column":41},"end":{"line":236,"column":42}},"loc":{"start":{"line":237,"column":8},"end":{"line":239,"column":66}},"line":237},"57":{"name":"(anonymous_57)","decl":{"start":{"line":237,"column":15},"end":{"line":237,"column":16}},"loc":{"start":{"line":238,"column":12},"end":{"line":238,"column":141}},"line":238},"58":{"name":"(anonymous_58)","decl":{"start":{"line":242,"column":36},"end":{"line":242,"column":37}},"loc":{"start":{"line":243,"column":8},"end":{"line":244,"column":180}},"line":243},"59":{"name":"(anonymous_59)","decl":{"start":{"line":243,"column":15},"end":{"line":243,"column":16}},"loc":{"start":{"line":244,"column":12},"end":{"line":244,"column":144}},"line":244},"60":{"name":"(anonymous_60)","decl":{"start":{"line":247,"column":40},"end":{"line":247,"column":41}},"loc":{"start":{"line":248,"column":8},"end":{"line":250,"column":63}},"line":248},"61":{"name":"(anonymous_61)","decl":{"start":{"line":248,"column":15},"end":{"line":248,"column":16}},"loc":{"start":{"line":249,"column":12},"end":{"line":249,"column":151}},"line":249},"62":{"name":"(anonymous_62)","decl":{"start":{"line":253,"column":41},"end":{"line":253,"column":42}},"loc":{"start":{"line":254,"column":8},"end":{"line":256,"column":57}},"line":254},"63":{"name":"(anonymous_63)","decl":{"start":{"line":254,"column":15},"end":{"line":254,"column":16}},"loc":{"start":{"line":255,"column":12},"end":{"line":255,"column":145}},"line":255},"64":{"name":"(anonymous_64)","decl":{"start":{"line":288,"column":10},"end":{"line":288,"column":11}},"loc":{"start":{"line":288,"column":16},"end":{"line":288,"column":37}},"line":288}},"branchMap":{},"s":{"0":1,"1":1,"2":1,"3":1,"4":1,"5":1,"6":1,"7":1,"8":31,"9":31,"10":31,"11":31,"12":31,"13":31,"14":31,"15":31,"16":31,"17":31,"18":31,"19":31,"20":31,"21":31,"22":31,"23":31,"24":31,"25":31,"26":31,"27":31,"28":31,"29":31,"30":31,"31":31,"32":31,"33":1,"34":1,"35":1,"36":1,"37":1,"38":1,"39":1,"40":1,"41":1,"42":1,"43":1,"44":1,"45":1,"46":1,"47":1,"48":1,"49":1,"50":1,"51":1,"52":1,"53":1,"54":1,"55":1,"56":1,"57":1,"58":1,"59":1,"60":1,"61":1,"62":1,"63":1,"64":1,"65":1,"66":1,"67":1,"68":1,"69":1,"70":1,"71":1,"72":1,"73":1,"74":1,"75":1,"76":1,"77":1,"78":1,"79":1,"80":1,"81":1,"82":1,"83":1,"84":1,"85":1,"86":1,"87":1,"88":1,"89":1,"90":1,"91":1,"92":1,"93":1,"94":1,"95":1,"96":1,"97":1,"98":1,"99":1,"100":1,"101":1,"102":1,"103":1,"104":1,"105":1,"106":1,"107":1,"108":1,"109":1,"110":1,"111":1,"112":1,"113":1,"114":1,"115":1,"116":1,"117":1,"118":1,"119":1,"120":1,"121":1,"122":1,"123":1,"124":1,"125":1,"126":1,"127":1,"128":1,"129":1,"130":1,"131":1,"132":1,"133":1,"134":1,"135":1,"136":1,"137":1,"138":1,"139":1,"140":1,"141":1,"142":1},"f":{"0":1,"1":1,"2":31,"3":31,"4":1,"5":1,"6":1,"7":1,"8":1,"9":1,"10":1,"11":1,"12":1,"13":1,"14":1,"15":1,"16":1,"17":1,"18":1,"19":1,"20":1,"21":1,"22":1,"23":1,"24":1,"25":1,"26":1,"27":1,"28":1,"29":1,"30":1,"31":1,"32":1,"33":1,"34":1,"35":1,"36":1,"37":1,"38":1,"39":1,"40":1,"41":1,"42":1,"43":1,"44":1,"45":1,"46":1,"47":1,"48":1,"49":1,"50":1,"51":1,"52":1,"53":1,"54":1,"55":1,"56":1,"57":1,"58":1,"59":1,"60":1,"61":1,"62":1,"63":1,"64":1},"b":{},"_coverageSchema":"43e27e138ebf9cfc5966b082cf9a028302ed4184","hash":"1369889eb2dc7302f2ebf1c8db67449a32118d41","contentHash":"9d5b1eed12c1db08a2b1685bedd107bd08924d317efdf120bc2d5bc76cef13bb"},"/home/dam0ne/bootcamp/collab/skylab-bootcamp-201907/staff/jorge-garces/wannadog/wannadog-api/logic/index.js":{"path":"/home/dam0ne/bootcamp/collab/skylab-bootcamp-201907/staff/jorge-garces/wannadog/wannadog-api/logic/index.js","statementMap":{"0":{"start":{"line":1,"column":0},"end":{"line":12,"column":1}}},"fnMap":{},"branchMap":{},"s":{"0":1},"f":{},"b":{},"_coverageSchema":"43e27e138ebf9cfc5966b082cf9a028302ed4184","hash":"4c1fe8e552ed1765f7e4f1d9c3870916b39d0395","contentHash":"34c47fc31a362c6ec5c4ab1afc319a8662843f374d0b3bc4d862dfbaa309a77b"},"/home/dam0ne/bootcamp/collab/skylab-bootcamp-201907/staff/jorge-garces/wannadog/wannadog-api/logic/user/register-user/index.js":{"path":"/home/dam0ne/bootcamp/collab/skylab-bootcamp-201907/staff/jorge-garces/wannadog/wannadog-api/logic/user/register-user/index.js","statementMap":{"0":{"start":{"line":1,"column":21},"end":{"line":1,"column":46}},"1":{"start":{"line":2,"column":19},"end":{"line":2,"column":43}},"2":{"start":{"line":3,"column":17},"end":{"line":3,"column":23}},"3":{"start":{"line":18,"column":0},"end":{"line":37,"column":1}},"4":{"start":{"line":20,"column":4},"end":{"line":20,"column":33}},"5":{"start":{"line":21,"column":4},"end":{"line":21,"column":39}},"6":{"start":{"line":22,"column":4},"end":{"line":22,"column":35}},"7":{"start":{"line":23,"column":4},"end":{"line":23,"column":34}},"8":{"start":{"line":24,"column":4},"end":{"line":24,"column":41}},"9":{"start":{"line":25,"column":4},"end":{"line":25,"column":43}},"10":{"start":{"line":26,"column":4},"end":{"line":26,"column":41}},"11":{"start":{"line":28,"column":4},"end":{"line":36,"column":8}},"12":{"start":{"line":30,"column":21},"end":{"line":30,"column":50}},"13":{"start":{"line":31,"column":8},"end":{"line":31,"column":53}},"14":{"start":{"line":31,"column":18},"end":{"line":31,"column":53}},"15":{"start":{"line":32,"column":24},"end":{"line":32,"column":68}},"16":{"start":{"line":33,"column":8},"end":{"line":33,"column":62}},"17":{"start":{"line":34,"column":8},"end":{"line":34,"column":28}},"18":{"start":{"line":35,"column":8},"end":{"line":35,"column":16}}},"fnMap":{"0":{"name":"(anonymous_0)","decl":{"start":{"line":18,"column":17},"end":{"line":18,"column":18}},"loc":{"start":{"line":18,"column":80},"end":{"line":37,"column":1}},"line":18},"1":{"name":"(anonymous_1)","decl":{"start":{"line":28,"column":12},"end":{"line":28,"column":13}},"loc":{"start":{"line":28,"column":24},"end":{"line":36,"column":5}},"line":28}},"branchMap":{"0":{"loc":{"start":{"line":31,"column":8},"end":{"line":31,"column":53}},"type":"if","locations":[{"start":{"line":31,"column":8},"end":{"line":31,"column":53}},{"start":{"line":31,"column":8},"end":{"line":31,"column":53}}],"line":31}},"s":{"0":1,"1":1,"2":1,"3":1,"4":21,"5":18,"6":15,"7":12,"8":11,"9":8,"10":5,"11":2,"12":2,"13":2,"14":1,"15":1,"16":1,"17":1,"18":1},"f":{"0":21,"1":2},"b":{"0":[1,1]},"_coverageSchema":"43e27e138ebf9cfc5966b082cf9a028302ed4184","hash":"a590e90bf8a550d5eb641b67cd209d3a9c56675b","contentHash":"763b849fd602119cb1ece9f1b6a758a0e0865554e2e582cfd769e448df9fc78e"},"/home/dam0ne/bootcamp/collab/skylab-bootcamp-201907/staff/jorge-garces/wannadog/wannadog-api/logic/user/authenticate-user/index.js":{"path":"/home/dam0ne/bootcamp/collab/skylab-bootcamp-201907/staff/jorge-garces/wannadog/wannadog-api/logic/user/authenticate-user/index.js","statementMap":{"0":{"start":{"line":1,"column":21},"end":{"line":1,"column":46}},"1":{"start":{"line":2,"column":19},"end":{"line":2,"column":43}},"2":{"start":{"line":3,"column":17},"end":{"line":3,"column":23}},"3":{"start":{"line":14,"column":0},"end":{"line":25,"column":1}},"4":{"start":{"line":16,"column":4},"end":{"line":16,"column":35}},"5":{"start":{"line":17,"column":4},"end":{"line":17,"column":34}},"6":{"start":{"line":18,"column":4},"end":{"line":18,"column":41}},"7":{"start":{"line":20,"column":4},"end":{"line":24,"column":8}},"8":{"start":{"line":21,"column":21},"end":{"line":21,"column":60}},"9":{"start":{"line":22,"column":8},"end":{"line":22,"column":52}},"10":{"start":{"line":22,"column":19},"end":{"line":22,"column":52}},"11":{"start":{"line":23,"column":8},"end":{"line":23,"column":22}}},"fnMap":{"0":{"name":"(anonymous_0)","decl":{"start":{"line":14,"column":17},"end":{"line":14,"column":18}},"loc":{"start":{"line":14,"column":44},"end":{"line":25,"column":1}},"line":14},"1":{"name":"(anonymous_1)","decl":{"start":{"line":20,"column":12},"end":{"line":20,"column":13}},"loc":{"start":{"line":20,"column":24},"end":{"line":24,"column":5}},"line":20}},"branchMap":{"0":{"loc":{"start":{"line":22,"column":8},"end":{"line":22,"column":52}},"type":"if","locations":[{"start":{"line":22,"column":8},"end":{"line":22,"column":52}},{"start":{"line":22,"column":8},"end":{"line":22,"column":52}}],"line":22}},"s":{"0":1,"1":1,"2":1,"3":1,"4":6,"5":4,"6":3,"7":1,"8":1,"9":1,"10":0,"11":1},"f":{"0":6,"1":1},"b":{"0":[0,1]},"_coverageSchema":"43e27e138ebf9cfc5966b082cf9a028302ed4184","hash":"2839faf056d4b558f20b09b78b835c33174a6e74","contentHash":"0e952aa11d08f4749a9f15326bcc3f73b655269d8a85c5bea54416a0ef218a1f"},"/home/dam0ne/bootcamp/collab/skylab-bootcamp-201907/staff/jorge-garces/wannadog/wannadog-api/logic/user/retrieve-user/index.js":{"path":"/home/dam0ne/bootcamp/collab/skylab-bootcamp-201907/staff/jorge-garces/wannadog/wannadog-api/logic/user/retrieve-user/index.js","statementMap":{"0":{"start":{"line":1,"column":21},"end":{"line":1,"column":46}},"1":{"start":{"line":2,"column":19},"end":{"line":2,"column":43}},"2":{"start":{"line":3,"column":17},"end":{"line":3,"column":23}},"3":{"start":{"line":16,"column":0},"end":{"line":26,"column":1}},"4":{"start":{"line":18,"column":4},"end":{"line":18,"column":29}},"5":{"start":{"line":20,"column":4},"end":{"line":25,"column":8}},"6":{"start":{"line":21,"column":21},"end":{"line":21,"column":84}},"7":{"start":{"line":22,"column":8},"end":{"line":22,"column":68}},"8":{"start":{"line":22,"column":19},"end":{"line":22,"column":68}},"9":{"start":{"line":23,"column":8},"end":{"line":23,"column":20}},"10":{"start":{"line":24,"column":8},"end":{"line":24,"column":19}}},"fnMap":{"0":{"name":"(anonymous_0)","decl":{"start":{"line":16,"column":17},"end":{"line":16,"column":18}},"loc":{"start":{"line":16,"column":31},"end":{"line":26,"column":1}},"line":16},"1":{"name":"(anonymous_1)","decl":{"start":{"line":20,"column":12},"end":{"line":20,"column":13}},"loc":{"start":{"line":20,"column":24},"end":{"line":25,"column":5}},"line":20}},"branchMap":{"0":{"loc":{"start":{"line":22,"column":8},"end":{"line":22,"column":68}},"type":"if","locations":[{"start":{"line":22,"column":8},"end":{"line":22,"column":68}},{"start":{"line":22,"column":8},"end":{"line":22,"column":68}}],"line":22}},"s":{"0":1,"1":1,"2":1,"3":1,"4":4,"5":1,"6":1,"7":1,"8":0,"9":1,"10":1},"f":{"0":4,"1":1},"b":{"0":[0,1]},"_coverageSchema":"43e27e138ebf9cfc5966b082cf9a028302ed4184","hash":"c5ba8ea80f093f6745c8709af5d4a60a1793a2d2","contentHash":"82b87673308abf7e59367cffd2cfa7028dd0b9c98e6f96507dffcbd2aaad0d0e"},"/home/dam0ne/bootcamp/collab/skylab-bootcamp-201907/staff/jorge-garces/wannadog/wannadog-api/logic/user/update-user/index.js":{"path":"/home/dam0ne/bootcamp/collab/skylab-bootcamp-201907/staff/jorge-garces/wannadog/wannadog-api/logic/user/update-user/index.js","statementMap":{"0":{"start":{"line":1,"column":21},"end":{"line":1,"column":46}},"1":{"start":{"line":2,"column":19},"end":{"line":2,"column":43}},"2":{"start":{"line":3,"column":17},"end":{"line":3,"column":23}},"3":{"start":{"line":13,"column":0},"end":{"line":21,"column":1}},"4":{"start":{"line":14,"column":4},"end":{"line":14,"column":29}},"5":{"start":{"line":15,"column":4},"end":{"line":19,"column":8}},"6":{"start":{"line":16,"column":21},"end":{"line":16,"column":79}},"7":{"start":{"line":17,"column":8},"end":{"line":17,"column":68}},"8":{"start":{"line":17,"column":19},"end":{"line":17,"column":68}}},"fnMap":{"0":{"name":"(anonymous_0)","decl":{"start":{"line":13,"column":17},"end":{"line":13,"column":18}},"loc":{"start":{"line":13,"column":47},"end":{"line":21,"column":1}},"line":13},"1":{"name":"(anonymous_1)","decl":{"start":{"line":15,"column":12},"end":{"line":15,"column":13}},"loc":{"start":{"line":15,"column":24},"end":{"line":19,"column":5}},"line":15}},"branchMap":{"0":{"loc":{"start":{"line":17,"column":8},"end":{"line":17,"column":68}},"type":"if","locations":[{"start":{"line":17,"column":8},"end":{"line":17,"column":68}},{"start":{"line":17,"column":8},"end":{"line":17,"column":68}}],"line":17}},"s":{"0":1,"1":1,"2":1,"3":1,"4":3,"5":1,"6":1,"7":1,"8":0},"f":{"0":3,"1":1},"b":{"0":[0,1]},"_coverageSchema":"43e27e138ebf9cfc5966b082cf9a028302ed4184","hash":"3dad1a11f91e727b23185cbc745ea9735ae08bbe","contentHash":"921644c2cf215e98175e38fd1f606642637f837995a9bd71ab7218b45805c9f0"},"/home/dam0ne/bootcamp/collab/skylab-bootcamp-201907/staff/jorge-garces/wannadog/wannadog-api/logic/user/unregister-user/index.js":{"path":"/home/dam0ne/bootcamp/collab/skylab-bootcamp-201907/staff/jorge-garces/wannadog/wannadog-api/logic/user/unregister-user/index.js","statementMap":{"0":{"start":{"line":1,"column":21},"end":{"line":1,"column":46}},"1":{"start":{"line":2,"column":19},"end":{"line":2,"column":43}},"2":{"start":{"line":3,"column":22},"end":{"line":3,"column":28}},"3":{"start":{"line":14,"column":0},"end":{"line":27,"column":1}},"4":{"start":{"line":15,"column":4},"end":{"line":15,"column":29}},"5":{"start":{"line":16,"column":4},"end":{"line":16,"column":35}},"6":{"start":{"line":17,"column":4},"end":{"line":17,"column":41}},"7":{"start":{"line":19,"column":4},"end":{"line":26,"column":8}},"8":{"start":{"line":20,"column":25},"end":{"line":20,"column":54}},"9":{"start":{"line":22,"column":8},"end":{"line":22,"column":69}},"10":{"start":{"line":22,"column":34},"end":{"line":22,"column":69}},"11":{"start":{"line":24,"column":21},"end":{"line":24,"column":71}},"12":{"start":{"line":25,"column":8},"end":{"line":25,"column":88}},"13":{"start":{"line":25,"column":32},"end":{"line":25,"column":88}}},"fnMap":{"0":{"name":"(anonymous_0)","decl":{"start":{"line":14,"column":17},"end":{"line":14,"column":18}},"loc":{"start":{"line":14,"column":48},"end":{"line":27,"column":1}},"line":14},"1":{"name":"(anonymous_1)","decl":{"start":{"line":19,"column":12},"end":{"line":19,"column":13}},"loc":{"start":{"line":19,"column":24},"end":{"line":26,"column":5}},"line":19}},"branchMap":{"0":{"loc":{"start":{"line":22,"column":8},"end":{"line":22,"column":69}},"type":"if","locations":[{"start":{"line":22,"column":8},"end":{"line":22,"column":69}},{"start":{"line":22,"column":8},"end":{"line":22,"column":69}}],"line":22},"1":{"loc":{"start":{"line":25,"column":8},"end":{"line":25,"column":88}},"type":"if","locations":[{"start":{"line":25,"column":8},"end":{"line":25,"column":88}},{"start":{"line":25,"column":8},"end":{"line":25,"column":88}}],"line":25}},"s":{"0":1,"1":1,"2":1,"3":1,"4":3,"5":3,"6":3,"7":3,"8":3,"9":3,"10":3,"11":3,"12":3,"13":2},"f":{"0":3,"1":3},"b":{"0":[3,0],"1":[2,1]},"_coverageSchema":"43e27e138ebf9cfc5966b082cf9a028302ed4184","hash":"91034b6010e7740acf1831bea783f32af9bbcf6d","contentHash":"7984ab1999680a3f9c3a6fa1c66c752aab1535d223d83592fddb0869a9e128da"},"/home/dam0ne/bootcamp/collab/skylab-bootcamp-201907/staff/jorge-garces/wannadog/wannadog-api/logic/user/toggle-favorite/index.js":{"path":"/home/dam0ne/bootcamp/collab/skylab-bootcamp-201907/staff/jorge-garces/wannadog/wannadog-api/logic/user/toggle-favorite/index.js","statementMap":{"0":{"start":{"line":1,"column":21},"end":{"line":1,"column":46}},"1":{"start":{"line":2,"column":19},"end":{"line":2,"column":43}},"2":{"start":{"line":3,"column":22},"end":{"line":3,"column":28}},"3":{"start":{"line":13,"column":0},"end":{"line":26,"column":1}},"4":{"start":{"line":15,"column":4},"end":{"line":15,"column":34}},"5":{"start":{"line":16,"column":4},"end":{"line":16,"column":36}},"6":{"start":{"line":18,"column":4},"end":{"line":25,"column":8}},"7":{"start":{"line":19,"column":19},"end":{"line":19,"column":42}},"8":{"start":{"line":20,"column":20},"end":{"line":20,"column":45}},"9":{"start":{"line":21,"column":8},"end":{"line":21,"column":62}},"10":{"start":{"line":21,"column":19},"end":{"line":21,"column":62}},"11":{"start":{"line":22,"column":8},"end":{"line":22,"column":63}},"12":{"start":{"line":22,"column":18},"end":{"line":22,"column":63}},"13":{"start":{"line":23,"column":8},"end":{"line":23,"column":129}},"14":{"start":{"line":24,"column":8},"end":{"line":24,"column":25}}},"fnMap":{"0":{"name":"(anonymous_0)","decl":{"start":{"line":13,"column":17},"end":{"line":13,"column":18}},"loc":{"start":{"line":13,"column":38},"end":{"line":26,"column":1}},"line":13},"1":{"name":"(anonymous_1)","decl":{"start":{"line":18,"column":12},"end":{"line":18,"column":13}},"loc":{"start":{"line":18,"column":24},"end":{"line":25,"column":5}},"line":18}},"branchMap":{"0":{"loc":{"start":{"line":21,"column":8},"end":{"line":21,"column":62}},"type":"if","locations":[{"start":{"line":21,"column":8},"end":{"line":21,"column":62}},{"start":{"line":21,"column":8},"end":{"line":21,"column":62}}],"line":21},"1":{"loc":{"start":{"line":22,"column":8},"end":{"line":22,"column":63}},"type":"if","locations":[{"start":{"line":22,"column":8},"end":{"line":22,"column":63}},{"start":{"line":22,"column":8},"end":{"line":22,"column":63}}],"line":22},"2":{"loc":{"start":{"line":23,"column":8},"end":{"line":23,"column":129}},"type":"cond-expr","locations":[{"start":{"line":23,"column":45},"end":{"line":23,"column":100}},{"start":{"line":23,"column":103},"end":{"line":23,"column":129}}],"line":23}},"s":{"0":1,"1":1,"2":1,"3":1,"4":4,"5":4,"6":4,"7":4,"8":4,"9":4,"10":1,"11":3,"12":1,"13":2,"14":2},"f":{"0":4,"1":4},"b":{"0":[1,3],"1":[1,2],"2":[1,1]},"_coverageSchema":"43e27e138ebf9cfc5966b082cf9a028302ed4184","hash":"e21b68dce1d714dc2c1fb9246173c6ac74c915bf","contentHash":"89ce594a4c5e36819c5b0629be1cc96f4a06ecb97aeb46e96dccdf136ce5a11d"},"/home/dam0ne/bootcamp/collab/skylab-bootcamp-201907/staff/jorge-garces/wannadog/wannadog-api/logic/dog/register-dog/index.js":{"path":"/home/dam0ne/bootcamp/collab/skylab-bootcamp-201907/staff/jorge-garces/wannadog/wannadog-api/logic/dog/register-dog/index.js","statementMap":{"0":{"start":{"line":1,"column":21},"end":{"line":1,"column":46}},"1":{"start":{"line":2,"column":19},"end":{"line":2,"column":43}},"2":{"start":{"line":3,"column":22},"end":{"line":3,"column":28}},"3":{"start":{"line":25,"column":0},"end":{"line":65,"column":1}},"4":{"start":{"line":27,"column":4},"end":{"line":27,"column":33}},"5":{"start":{"line":28,"column":4},"end":{"line":28,"column":35}},"6":{"start":{"line":29,"column":4},"end":{"line":29,"column":38}},"7":{"start":{"line":30,"column":4},"end":{"line":30,"column":33}},"8":{"start":{"line":31,"column":4},"end":{"line":31,"column":29}},"9":{"start":{"line":32,"column":4},"end":{"line":32,"column":35}},"10":{"start":{"line":33,"column":4},"end":{"line":33,"column":42}},"11":{"start":{"line":34,"column":4},"end":{"line":34,"column":42}},"12":{"start":{"line":35,"column":4},"end":{"line":35,"column":42}},"13":{"start":{"line":36,"column":4},"end":{"line":36,"column":50}},"14":{"start":{"line":37,"column":4},"end":{"line":37,"column":33}},"15":{"start":{"line":40,"column":4},"end":{"line":64,"column":8}},"16":{"start":{"line":42,"column":21},"end":{"line":42,"column":44}},"17":{"start":{"line":44,"column":8},"end":{"line":44,"column":54}},"18":{"start":{"line":44,"column":19},"end":{"line":44,"column":54}},"19":{"start":{"line":46,"column":25},"end":{"line":46,"column":58}},"20":{"start":{"line":48,"column":8},"end":{"line":48,"column":60}},"21":{"start":{"line":48,"column":22},"end":{"line":48,"column":60}},"22":{"start":{"line":49,"column":23},"end":{"line":49,"column":36}},"23":{"start":{"line":51,"column":20},"end":{"line":53,"column":10}},"24":{"start":{"line":55,"column":8},"end":{"line":55,"column":58}},"25":{"start":{"line":56,"column":8},"end":{"line":56,"column":22}},"26":{"start":{"line":57,"column":8},"end":{"line":57,"column":24}},"27":{"start":{"line":59,"column":8},"end":{"line":59,"column":30}},"28":{"start":{"line":60,"column":8},"end":{"line":60,"column":25}},"29":{"start":{"line":61,"column":8},"end":{"line":61,"column":16}},"30":{"start":{"line":63,"column":8},"end":{"line":63,"column":21}}},"fnMap":{"0":{"name":"(anonymous_0)","decl":{"start":{"line":25,"column":17},"end":{"line":25,"column":18}},"loc":{"start":{"line":25,"column":141},"end":{"line":65,"column":1}},"line":25},"1":{"name":"(anonymous_1)","decl":{"start":{"line":40,"column":12},"end":{"line":40,"column":13}},"loc":{"start":{"line":40,"column":24},"end":{"line":64,"column":5}},"line":40}},"branchMap":{"0":{"loc":{"start":{"line":44,"column":8},"end":{"line":44,"column":54}},"type":"if","locations":[{"start":{"line":44,"column":8},"end":{"line":44,"column":54}},{"start":{"line":44,"column":8},"end":{"line":44,"column":54}}],"line":44},"1":{"loc":{"start":{"line":48,"column":8},"end":{"line":48,"column":60}},"type":"if","locations":[{"start":{"line":48,"column":8},"end":{"line":48,"column":60}},{"start":{"line":48,"column":8},"end":{"line":48,"column":60}}],"line":48}},"s":{"0":1,"1":1,"2":1,"3":1,"4":31,"5":28,"6":25,"7":22,"8":19,"9":19,"10":17,"11":14,"12":11,"13":8,"14":5,"15":2,"16":2,"17":2,"18":0,"19":2,"20":2,"21":1,"22":1,"23":1,"24":1,"25":1,"26":1,"27":1,"28":1,"29":1,"30":1},"f":{"0":31,"1":2},"b":{"0":[0,2],"1":[1,1]},"_coverageSchema":"43e27e138ebf9cfc5966b082cf9a028302ed4184","hash":"7af5717aa756e324c2383e82a4e34d78c4378a81","contentHash":"c295e68aeaaa9025eb44c134b67c70a602e9d2449e33c62d06b9375c9204f12a"},"/home/dam0ne/bootcamp/collab/skylab-bootcamp-201907/staff/jorge-garces/wannadog/wannadog-api/logic/dog/retrieve-dog/index.js":{"path":"/home/dam0ne/bootcamp/collab/skylab-bootcamp-201907/staff/jorge-garces/wannadog/wannadog-api/logic/dog/retrieve-dog/index.js","statementMap":{"0":{"start":{"line":1,"column":21},"end":{"line":1,"column":46}},"1":{"start":{"line":2,"column":19},"end":{"line":2,"column":43}},"2":{"start":{"line":3,"column":16},"end":{"line":3,"column":22}},"3":{"start":{"line":13,"column":0},"end":{"line":24,"column":1}},"4":{"start":{"line":15,"column":4},"end":{"line":15,"column":32}},"5":{"start":{"line":17,"column":4},"end":{"line":23,"column":8}},"6":{"start":{"line":19,"column":20},"end":{"line":19,"column":77}},"7":{"start":{"line":20,"column":8},"end":{"line":20,"column":66}},"8":{"start":{"line":20,"column":18},"end":{"line":20,"column":66}},"9":{"start":{"line":21,"column":8},"end":{"line":21,"column":19}},"10":{"start":{"line":22,"column":8},"end":{"line":22,"column":18}}},"fnMap":{"0":{"name":"(anonymous_0)","decl":{"start":{"line":13,"column":17},"end":{"line":13,"column":18}},"loc":{"start":{"line":13,"column":31},"end":{"line":24,"column":1}},"line":13},"1":{"name":"(anonymous_1)","decl":{"start":{"line":17,"column":12},"end":{"line":17,"column":13}},"loc":{"start":{"line":17,"column":24},"end":{"line":23,"column":5}},"line":17}},"branchMap":{"0":{"loc":{"start":{"line":20,"column":8},"end":{"line":20,"column":66}},"type":"if","locations":[{"start":{"line":20,"column":8},"end":{"line":20,"column":66}},{"start":{"line":20,"column":8},"end":{"line":20,"column":66}}],"line":20}},"s":{"0":1,"1":1,"2":1,"3":1,"4":1,"5":1,"6":1,"7":1,"8":0,"9":1,"10":1},"f":{"0":1,"1":1},"b":{"0":[0,1]},"_coverageSchema":"43e27e138ebf9cfc5966b082cf9a028302ed4184","hash":"dd699afa7b0c25f8771ed06820b8af3778f8033c","contentHash":"e49bf236e1552ed413d2080144e28a82e04ec9b09a6aade90feacf263386612b"},"/home/dam0ne/bootcamp/collab/skylab-bootcamp-201907/staff/jorge-garces/wannadog/wannadog-api/logic/dog/retrieve-all-dogs/index.js":{"path":"/home/dam0ne/bootcamp/collab/skylab-bootcamp-201907/staff/jorge-garces/wannadog/wannadog-api/logic/dog/retrieve-all-dogs/index.js","statementMap":{"0":{"start":{"line":1,"column":21},"end":{"line":1,"column":46}},"1":{"start":{"line":2,"column":19},"end":{"line":2,"column":43}},"2":{"start":{"line":3,"column":22},"end":{"line":3,"column":28}},"3":{"start":{"line":13,"column":0},"end":{"line":33,"column":1}},"4":{"start":{"line":15,"column":4},"end":{"line":15,"column":34}},"5":{"start":{"line":17,"column":4},"end":{"line":31,"column":8}},"6":{"start":{"line":19,"column":21},"end":{"line":19,"column":44}},"7":{"start":{"line":21,"column":8},"end":{"line":21,"column":67}},"8":{"start":{"line":21,"column":19},"end":{"line":21,"column":67}},"9":{"start":{"line":23,"column":21},"end":{"line":23,"column":69}},"10":{"start":{"line":25,"column":8},"end":{"line":25,"column":82}},"11":{"start":{"line":25,"column":26},"end":{"line":25,"column":82}},"12":{"start":{"line":26,"column":8},"end":{"line":29,"column":10}},"13":{"start":{"line":27,"column":12},"end":{"line":27,"column":28}},"14":{"start":{"line":28,"column":12},"end":{"line":28,"column":26}},"15":{"start":{"line":30,"column":8},"end":{"line":30,"column":19}}},"fnMap":{"0":{"name":"(anonymous_0)","decl":{"start":{"line":13,"column":17},"end":{"line":13,"column":18}},"loc":{"start":{"line":13,"column":31},"end":{"line":33,"column":1}},"line":13},"1":{"name":"(anonymous_1)","decl":{"start":{"line":17,"column":12},"end":{"line":17,"column":13}},"loc":{"start":{"line":17,"column":24},"end":{"line":31,"column":5}},"line":17},"2":{"name":"(anonymous_2)","decl":{"start":{"line":26,"column":21},"end":{"line":26,"column":22}},"loc":{"start":{"line":26,"column":28},"end":{"line":29,"column":9}},"line":26}},"branchMap":{"0":{"loc":{"start":{"line":21,"column":8},"end":{"line":21,"column":67}},"type":"if","locations":[{"start":{"line":21,"column":8},"end":{"line":21,"column":67}},{"start":{"line":21,"column":8},"end":{"line":21,"column":67}}],"line":21},"1":{"loc":{"start":{"line":25,"column":8},"end":{"line":25,"column":82}},"type":"if","locations":[{"start":{"line":25,"column":8},"end":{"line":25,"column":82}},{"start":{"line":25,"column":8},"end":{"line":25,"column":82}}],"line":25}},"s":{"0":1,"1":1,"2":1,"3":1,"4":2,"5":2,"6":2,"7":2,"8":1,"9":1,"10":1,"11":0,"12":1,"13":2,"14":2,"15":1},"f":{"0":2,"1":2,"2":2},"b":{"0":[1,1],"1":[0,1]},"_coverageSchema":"43e27e138ebf9cfc5966b082cf9a028302ed4184","hash":"b2dd1c1547be40ecf8dcee4286dc0a0cf69a49ab","contentHash":"1a1c1f9f05d5b3ac5e698eab4cc64e69105e16fcc7a5c67f2de64fa7a4adb17d"},"/home/dam0ne/bootcamp/collab/skylab-bootcamp-201907/staff/jorge-garces/wannadog/wannadog-api/logic/dog/unregister-dog/index.js":{"path":"/home/dam0ne/bootcamp/collab/skylab-bootcamp-201907/staff/jorge-garces/wannadog/wannadog-api/logic/dog/unregister-dog/index.js","statementMap":{"0":{"start":{"line":1,"column":21},"end":{"line":1,"column":46}},"1":{"start":{"line":2,"column":19},"end":{"line":2,"column":43}},"2":{"start":{"line":3,"column":22},"end":{"line":3,"column":28}},"3":{"start":{"line":14,"column":0},"end":{"line":31,"column":1}},"4":{"start":{"line":15,"column":4},"end":{"line":15,"column":29}},"5":{"start":{"line":16,"column":4},"end":{"line":16,"column":35}},"6":{"start":{"line":17,"column":4},"end":{"line":17,"column":41}},"7":{"start":{"line":18,"column":4},"end":{"line":18,"column":36}},"8":{"start":{"line":22,"column":4},"end":{"line":30,"column":8}},"9":{"start":{"line":23,"column":28},"end":{"line":23,"column":80}},"10":{"start":{"line":24,"column":8},"end":{"line":25,"column":68}},"11":{"start":{"line":24,"column":25},"end":{"line":24,"column":71}},"12":{"start":{"line":25,"column":13},"end":{"line":25,"column":68}},"13":{"start":{"line":26,"column":8},"end":{"line":26,"column":91}},"14":{"start":{"line":26,"column":36},"end":{"line":26,"column":91}},"15":{"start":{"line":27,"column":20},"end":{"line":27,"column":71}},"16":{"start":{"line":27,"column":54},"end":{"line":27,"column":70}},"17":{"start":{"line":28,"column":8},"end":{"line":28,"column":39}},"18":{"start":{"line":29,"column":8},"end":{"line":29,"column":32}}},"fnMap":{"0":{"name":"(anonymous_0)","decl":{"start":{"line":14,"column":17},"end":{"line":14,"column":18}},"loc":{"start":{"line":14,"column":55},"end":{"line":31,"column":1}},"line":14},"1":{"name":"(anonymous_1)","decl":{"start":{"line":22,"column":12},"end":{"line":22,"column":13}},"loc":{"start":{"line":22,"column":24},"end":{"line":30,"column":5}},"line":22},"2":{"name":"(anonymous_2)","decl":{"start":{"line":27,"column":47},"end":{"line":27,"column":48}},"loc":{"start":{"line":27,"column":54},"end":{"line":27,"column":70}},"line":27}},"branchMap":{"0":{"loc":{"start":{"line":24,"column":8},"end":{"line":25,"column":68}},"type":"if","locations":[{"start":{"line":24,"column":8},"end":{"line":25,"column":68}},{"start":{"line":24,"column":8},"end":{"line":25,"column":68}}],"line":24},"1":{"loc":{"start":{"line":26,"column":8},"end":{"line":26,"column":91}},"type":"if","locations":[{"start":{"line":26,"column":8},"end":{"line":26,"column":91}},{"start":{"line":26,"column":8},"end":{"line":26,"column":91}}],"line":26}},"s":{"0":1,"1":1,"2":1,"3":1,"4":3,"5":3,"6":3,"7":3,"8":3,"9":3,"10":3,"11":1,"12":2,"13":1,"14":0,"15":1,"16":1,"17":1,"18":1},"f":{"0":3,"1":3,"2":1},"b":{"0":[1,2],"1":[0,1]},"_coverageSchema":"43e27e138ebf9cfc5966b082cf9a028302ed4184","hash":"0e27b3cb385d5f7d6c02a83fc0f410095a98376a","contentHash":"0527234fc2e0e6a37d11030dde86c112a831568bb09532fe9e02278c400b88ee"},"/home/dam0ne/bootcamp/collab/skylab-bootcamp-201907/staff/jorge-garces/wannadog/wannadog-api/logic/dog/retrieve-all-dogs/index.spec.js":{"path":"/home/dam0ne/bootcamp/collab/skylab-bootcamp-201907/staff/jorge-garces/wannadog/wannadog-api/logic/dog/retrieve-all-dogs/index.spec.js","statementMap":{"0":{"start":{"line":1,"column":14},"end":{"line":1,"column":39}},"1":{"start":{"line":2,"column":19},"end":{"line":2,"column":34}},"2":{"start":{"line":3,"column":29},"end":{"line":3,"column":53}},"3":{"start":{"line":4,"column":22},"end":{"line":4,"column":28}},"4":{"start":{"line":6,"column":0},"end":{"line":131,"column":2}},"5":{"start":{"line":8,"column":4},"end":{"line":8,"column":72}},"6":{"start":{"line":8,"column":17},"end":{"line":8,"column":71}},"7":{"start":{"line":15,"column":4},"end":{"line":85,"column":6}},"8":{"start":{"line":17,"column":27},"end":{"line":17,"column":84}},"9":{"start":{"line":18,"column":26},"end":{"line":18,"column":60}},"10":{"start":{"line":20,"column":8},"end":{"line":20,"column":41}},"11":{"start":{"line":21,"column":8},"end":{"line":21,"column":78}},"12":{"start":{"line":22,"column":8},"end":{"line":22,"column":51}},"13":{"start":{"line":23,"column":8},"end":{"line":23,"column":75}},"14":{"start":{"line":24,"column":8},"end":{"line":24,"column":23}},"15":{"start":{"line":25,"column":8},"end":{"line":25,"column":40}},"16":{"start":{"line":26,"column":8},"end":{"line":26,"column":53}},"17":{"start":{"line":27,"column":8},"end":{"line":27,"column":53}},"18":{"start":{"line":28,"column":8},"end":{"line":28,"column":53}},"19":{"start":{"line":29,"column":8},"end":{"line":29,"column":57}},"20":{"start":{"line":30,"column":8},"end":{"line":30,"column":40}},"21":{"start":{"line":31,"column":8},"end":{"line":31,"column":72}},"22":{"start":{"line":32,"column":8},"end":{"line":32,"column":69}},"23":{"start":{"line":34,"column":8},"end":{"line":34,"column":42}},"24":{"start":{"line":35,"column":8},"end":{"line":35,"column":79}},"25":{"start":{"line":36,"column":8},"end":{"line":36,"column":52}},"26":{"start":{"line":37,"column":8},"end":{"line":37,"column":76}},"27":{"start":{"line":38,"column":8},"end":{"line":38,"column":24}},"28":{"start":{"line":39,"column":8},"end":{"line":39,"column":43}},"29":{"start":{"line":40,"column":8},"end":{"line":40,"column":54}},"30":{"start":{"line":41,"column":8},"end":{"line":41,"column":54}},"31":{"start":{"line":42,"column":8},"end":{"line":42,"column":54}},"32":{"start":{"line":43,"column":8},"end":{"line":43,"column":58}},"33":{"start":{"line":44,"column":8},"end":{"line":44,"column":39}},"34":{"start":{"line":45,"column":8},"end":{"line":45,"column":73}},"35":{"start":{"line":46,"column":8},"end":{"line":46,"column":70}},"36":{"start":{"line":48,"column":8},"end":{"line":48,"column":42}},"37":{"start":{"line":49,"column":8},"end":{"line":49,"column":44}},"38":{"start":{"line":50,"column":8},"end":{"line":50,"column":49}},"39":{"start":{"line":51,"column":8},"end":{"line":51,"column":43}},"40":{"start":{"line":52,"column":8},"end":{"line":52,"column":76}},"41":{"start":{"line":53,"column":8},"end":{"line":53,"column":73}},"42":{"start":{"line":55,"column":8},"end":{"line":84,"column":12}},"43":{"start":{"line":57,"column":12},"end":{"line":57,"column":35}},"44":{"start":{"line":58,"column":12},"end":{"line":58,"column":34}},"45":{"start":{"line":61,"column":28},"end":{"line":61,"column":82}},"46":{"start":{"line":62,"column":12},"end":{"line":62,"column":74}},"47":{"start":{"line":63,"column":12},"end":{"line":63,"column":31}},"48":{"start":{"line":65,"column":27},"end":{"line":65,"column":40}},"49":{"start":{"line":66,"column":27},"end":{"line":68,"column":14}},"50":{"start":{"line":69,"column":12},"end":{"line":69,"column":65}},"51":{"start":{"line":71,"column":27},"end":{"line":73,"column":14}},"52":{"start":{"line":74,"column":12},"end":{"line":74,"column":67}},"53":{"start":{"line":76,"column":12},"end":{"line":76,"column":32}},"54":{"start":{"line":77,"column":12},"end":{"line":77,"column":32}},"55":{"start":{"line":79,"column":12},"end":{"line":79,"column":33}},"56":{"start":{"line":80,"column":12},"end":{"line":80,"column":33}},"57":{"start":{"line":83,"column":12},"end":{"line":83,"column":77}},"58":{"start":{"line":87,"column":4},"end":{"line":118,"column":6}},"59":{"start":{"line":89,"column":21},"end":{"line":89,"column":56}},"60":{"start":{"line":90,"column":8},"end":{"line":90,"column":29}},"61":{"start":{"line":91,"column":8},"end":{"line":91,"column":39}},"62":{"start":{"line":92,"column":23},"end":{"line":92,"column":71}},"63":{"start":{"line":92,"column":40},"end":{"line":92,"column":70}},"64":{"start":{"line":93,"column":23},"end":{"line":93,"column":71}},"65":{"start":{"line":93,"column":40},"end":{"line":93,"column":70}},"66":{"start":{"line":94,"column":8},"end":{"line":94,"column":42}},"67":{"start":{"line":95,"column":8},"end":{"line":95,"column":44}},"68":{"start":{"line":96,"column":8},"end":{"line":96,"column":42}},"69":{"start":{"line":97,"column":8},"end":{"line":97,"column":55}},"70":{"start":{"line":98,"column":8},"end":{"line":98,"column":44}},"71":{"start":{"line":99,"column":8},"end":{"line":99,"column":50}},"72":{"start":{"line":100,"column":8},"end":{"line":100,"column":50}},"73":{"start":{"line":101,"column":8},"end":{"line":101,"column":50}},"74":{"start":{"line":102,"column":8},"end":{"line":102,"column":58}},"75":{"start":{"line":103,"column":8},"end":{"line":103,"column":42}},"76":{"start":{"line":104,"column":8},"end":{"line":104,"column":66}},"77":{"start":{"line":105,"column":8},"end":{"line":105,"column":65}},"78":{"start":{"line":106,"column":8},"end":{"line":106,"column":43}},"79":{"start":{"line":107,"column":8},"end":{"line":107,"column":45}},"80":{"start":{"line":108,"column":8},"end":{"line":108,"column":43}},"81":{"start":{"line":109,"column":8},"end":{"line":109,"column":55}},"82":{"start":{"line":110,"column":8},"end":{"line":110,"column":45}},"83":{"start":{"line":111,"column":8},"end":{"line":111,"column":51}},"84":{"start":{"line":112,"column":8},"end":{"line":112,"column":51}},"85":{"start":{"line":113,"column":8},"end":{"line":113,"column":51}},"86":{"start":{"line":114,"column":8},"end":{"line":114,"column":59}},"87":{"start":{"line":115,"column":8},"end":{"line":115,"column":43}},"88":{"start":{"line":116,"column":8},"end":{"line":116,"column":67}},"89":{"start":{"line":117,"column":8},"end":{"line":117,"column":66}},"90":{"start":{"line":120,"column":4},"end":{"line":128,"column":6}},"91":{"start":{"line":121,"column":8},"end":{"line":121,"column":43}},"92":{"start":{"line":122,"column":8},"end":{"line":127,"column":9}},"93":{"start":{"line":123,"column":12},"end":{"line":123,"column":47}},"94":{"start":{"line":125,"column":12},"end":{"line":125,"column":36}},"95":{"start":{"line":126,"column":12},"end":{"line":126,"column":77}},"96":{"start":{"line":130,"column":4},"end":{"line":130,"column":38}},"97":{"start":{"line":130,"column":16},"end":{"line":130,"column":37}}},"fnMap":{"0":{"name":"(anonymous_0)","decl":{"start":{"line":6,"column":38},"end":{"line":6,"column":39}},"loc":{"start":{"line":6,"column":44},"end":{"line":131,"column":1}},"line":6},"1":{"name":"(anonymous_1)","decl":{"start":{"line":8,"column":11},"end":{"line":8,"column":12}},"loc":{"start":{"line":8,"column":17},"end":{"line":8,"column":71}},"line":8},"2":{"name":"(anonymous_2)","decl":{"start":{"line":15,"column":15},"end":{"line":15,"column":16}},"loc":{"start":{"line":15,"column":21},"end":{"line":85,"column":5}},"line":15},"3":{"name":"(anonymous_3)","decl":{"start":{"line":55,"column":16},"end":{"line":55,"column":17}},"loc":{"start":{"line":55,"column":28},"end":{"line":84,"column":9}},"line":55},"4":{"name":"(anonymous_4)","decl":{"start":{"line":87,"column":41},"end":{"line":87,"column":42}},"loc":{"start":{"line":87,"column":53},"end":{"line":118,"column":5}},"line":87},"5":{"name":"(anonymous_5)","decl":{"start":{"line":92,"column":33},"end":{"line":92,"column":34}},"loc":{"start":{"line":92,"column":40},"end":{"line":92,"column":70}},"line":92},"6":{"name":"(anonymous_6)","decl":{"start":{"line":93,"column":33},"end":{"line":93,"column":34}},"loc":{"start":{"line":93,"column":40},"end":{"line":93,"column":70}},"line":93},"7":{"name":"(anonymous_7)","decl":{"start":{"line":120,"column":49},"end":{"line":120,"column":50}},"loc":{"start":{"line":120,"column":61},"end":{"line":128,"column":5}},"line":120},"8":{"name":"(anonymous_8)","decl":{"start":{"line":130,"column":10},"end":{"line":130,"column":11}},"loc":{"start":{"line":130,"column":16},"end":{"line":130,"column":37}},"line":130}},"branchMap":{},"s":{"0":1,"1":1,"2":1,"3":1,"4":1,"5":1,"6":1,"7":1,"8":2,"9":2,"10":2,"11":2,"12":2,"13":2,"14":2,"15":2,"16":2,"17":2,"18":2,"19":2,"20":2,"21":2,"22":2,"23":2,"24":2,"25":2,"26":2,"27":2,"28":2,"29":2,"30":2,"31":2,"32":2,"33":2,"34":2,"35":2,"36":2,"37":2,"38":2,"39":2,"40":2,"41":2,"42":2,"43":2,"44":2,"45":2,"46":2,"47":2,"48":2,"49":2,"50":2,"51":2,"52":2,"53":2,"54":2,"55":2,"56":2,"57":2,"58":1,"59":1,"60":1,"61":1,"62":1,"63":1,"64":1,"65":2,"66":1,"67":1,"68":1,"69":1,"70":1,"71":1,"72":1,"73":1,"74":1,"75":1,"76":1,"77":1,"78":1,"79":1,"80":1,"81":1,"82":1,"83":1,"84":1,"85":1,"86":1,"87":1,"88":1,"89":1,"90":1,"91":1,"92":1,"93":1,"94":1,"95":1,"96":1,"97":1},"f":{"0":1,"1":1,"2":2,"3":2,"4":1,"5":1,"6":2,"7":1,"8":1},"b":{},"_coverageSchema":"43e27e138ebf9cfc5966b082cf9a028302ed4184","hash":"c4c1954ee3beeb07d1d7ed1894f890329a835bfd","contentHash":"c416f71717b71302184075feeb31a41ac2c3ee9de0bae0fc0960afa32cf445d3"},"/home/dam0ne/bootcamp/collab/skylab-bootcamp-201907/staff/jorge-garces/wannadog/wannadog-api/logic/dog/retrieve-dog/index.spec.js":{"path":"/home/dam0ne/bootcamp/collab/skylab-bootcamp-201907/staff/jorge-garces/wannadog/wannadog-api/logic/dog/retrieve-dog/index.spec.js","statementMap":{"0":{"start":{"line":1,"column":14},"end":{"line":1,"column":39}},"1":{"start":{"line":2,"column":19},"end":{"line":2,"column":34}},"2":{"start":{"line":3,"column":29},"end":{"line":3,"column":53}},"3":{"start":{"line":4,"column":22},"end":{"line":4,"column":28}},"4":{"start":{"line":6,"column":0},"end":{"line":113,"column":2}},"5":{"start":{"line":8,"column":4},"end":{"line":8,"column":72}},"6":{"start":{"line":8,"column":17},"end":{"line":8,"column":71}},"7":{"start":{"line":15,"column":4},"end":{"line":57,"column":6}},"8":{"start":{"line":16,"column":27},"end":{"line":16,"column":84}},"9":{"start":{"line":17,"column":26},"end":{"line":17,"column":60}},"10":{"start":{"line":19,"column":8},"end":{"line":19,"column":41}},"11":{"start":{"line":20,"column":8},"end":{"line":20,"column":78}},"12":{"start":{"line":21,"column":8},"end":{"line":21,"column":51}},"13":{"start":{"line":22,"column":8},"end":{"line":22,"column":75}},"14":{"start":{"line":23,"column":8},"end":{"line":23,"column":23}},"15":{"start":{"line":24,"column":8},"end":{"line":24,"column":42}},"16":{"start":{"line":25,"column":8},"end":{"line":25,"column":53}},"17":{"start":{"line":26,"column":8},"end":{"line":26,"column":53}},"18":{"start":{"line":27,"column":8},"end":{"line":27,"column":53}},"19":{"start":{"line":28,"column":8},"end":{"line":28,"column":57}},"20":{"start":{"line":29,"column":8},"end":{"line":29,"column":40}},"21":{"start":{"line":30,"column":8},"end":{"line":30,"column":72}},"22":{"start":{"line":31,"column":8},"end":{"line":31,"column":69}},"23":{"start":{"line":33,"column":8},"end":{"line":56,"column":12}},"24":{"start":{"line":34,"column":12},"end":{"line":34,"column":34}},"25":{"start":{"line":36,"column":12},"end":{"line":36,"column":46}},"26":{"start":{"line":37,"column":12},"end":{"line":37,"column":48}},"27":{"start":{"line":38,"column":12},"end":{"line":38,"column":53}},"28":{"start":{"line":39,"column":12},"end":{"line":39,"column":47}},"29":{"start":{"line":40,"column":12},"end":{"line":40,"column":80}},"30":{"start":{"line":41,"column":12},"end":{"line":41,"column":77}},"31":{"start":{"line":42,"column":25},"end":{"line":42,"column":79}},"32":{"start":{"line":43,"column":12},"end":{"line":43,"column":71}},"33":{"start":{"line":44,"column":12},"end":{"line":44,"column":24}},"34":{"start":{"line":45,"column":12},"end":{"line":45,"column":29}},"35":{"start":{"line":47,"column":27},"end":{"line":47,"column":40}},"36":{"start":{"line":48,"column":24},"end":{"line":50,"column":14}},"37":{"start":{"line":51,"column":12},"end":{"line":51,"column":62}},"38":{"start":{"line":52,"column":12},"end":{"line":52,"column":26}},"39":{"start":{"line":53,"column":12},"end":{"line":53,"column":26}},"40":{"start":{"line":55,"column":12},"end":{"line":55,"column":28}},"41":{"start":{"line":59,"column":4},"end":{"line":76,"column":6}},"42":{"start":{"line":61,"column":23},"end":{"line":61,"column":53}},"43":{"start":{"line":63,"column":8},"end":{"line":63,"column":31}},"44":{"start":{"line":64,"column":8},"end":{"line":64,"column":52}},"45":{"start":{"line":65,"column":8},"end":{"line":65,"column":31}},"46":{"start":{"line":66,"column":8},"end":{"line":66,"column":41}},"47":{"start":{"line":67,"column":8},"end":{"line":67,"column":44}},"48":{"start":{"line":68,"column":8},"end":{"line":68,"column":46}},"49":{"start":{"line":69,"column":8},"end":{"line":69,"column":42}},"50":{"start":{"line":70,"column":8},"end":{"line":70,"column":55}},"51":{"start":{"line":71,"column":8},"end":{"line":71,"column":50}},"52":{"start":{"line":72,"column":8},"end":{"line":72,"column":50}},"53":{"start":{"line":73,"column":8},"end":{"line":73,"column":50}},"54":{"start":{"line":74,"column":8},"end":{"line":74,"column":58}},"55":{"start":{"line":75,"column":8},"end":{"line":75,"column":42}},"56":{"start":{"line":112,"column":4},"end":{"line":112,"column":38}},"57":{"start":{"line":112,"column":16},"end":{"line":112,"column":37}}},"fnMap":{"0":{"name":"(anonymous_0)","decl":{"start":{"line":6,"column":37},"end":{"line":6,"column":38}},"loc":{"start":{"line":6,"column":43},"end":{"line":113,"column":1}},"line":6},"1":{"name":"(anonymous_1)","decl":{"start":{"line":8,"column":11},"end":{"line":8,"column":12}},"loc":{"start":{"line":8,"column":17},"end":{"line":8,"column":71}},"line":8},"2":{"name":"(anonymous_2)","decl":{"start":{"line":15,"column":15},"end":{"line":15,"column":16}},"loc":{"start":{"line":15,"column":21},"end":{"line":57,"column":5}},"line":15},"3":{"name":"(anonymous_3)","decl":{"start":{"line":33,"column":16},"end":{"line":33,"column":17}},"loc":{"start":{"line":33,"column":28},"end":{"line":56,"column":9}},"line":33},"4":{"name":"(anonymous_4)","decl":{"start":{"line":59,"column":41},"end":{"line":59,"column":42}},"loc":{"start":{"line":59,"column":53},"end":{"line":76,"column":5}},"line":59},"5":{"name":"(anonymous_5)","decl":{"start":{"line":112,"column":10},"end":{"line":112,"column":11}},"loc":{"start":{"line":112,"column":16},"end":{"line":112,"column":37}},"line":112}},"branchMap":{},"s":{"0":1,"1":1,"2":1,"3":1,"4":1,"5":1,"6":1,"7":1,"8":1,"9":1,"10":1,"11":1,"12":1,"13":1,"14":1,"15":1,"16":1,"17":1,"18":1,"19":1,"20":1,"21":1,"22":1,"23":1,"24":1,"25":1,"26":1,"27":1,"28":1,"29":1,"30":1,"31":1,"32":1,"33":1,"34":1,"35":1,"36":1,"37":1,"38":1,"39":1,"40":1,"41":1,"42":1,"43":1,"44":1,"45":1,"46":1,"47":1,"48":1,"49":1,"50":1,"51":1,"52":1,"53":1,"54":1,"55":1,"56":1,"57":1},"f":{"0":1,"1":1,"2":1,"3":1,"4":1,"5":1},"b":{},"_coverageSchema":"43e27e138ebf9cfc5966b082cf9a028302ed4184","hash":"bd1d2443ae717a743b7f2e9ba4637b1666be62ef","contentHash":"93ef6198bab2171012038f7e180f850888c6839250c6cb83cce0ae20afee52ac"},"/home/dam0ne/bootcamp/collab/skylab-bootcamp-201907/staff/jorge-garces/wannadog/wannadog-api/logic/dog/unregister-dog/index.spec.js":{"path":"/home/dam0ne/bootcamp/collab/skylab-bootcamp-201907/staff/jorge-garces/wannadog/wannadog-api/logic/dog/unregister-dog/index.spec.js","statementMap":{"0":{"start":{"line":1,"column":14},"end":{"line":1,"column":39}},"1":{"start":{"line":2,"column":19},"end":{"line":2,"column":34}},"2":{"start":{"line":3,"column":29},"end":{"line":3,"column":53}},"3":{"start":{"line":4,"column":22},"end":{"line":4,"column":28}},"4":{"start":{"line":6,"column":0},"end":{"line":89,"column":2}},"5":{"start":{"line":8,"column":4},"end":{"line":8,"column":72}},"6":{"start":{"line":8,"column":17},"end":{"line":8,"column":71}},"7":{"start":{"line":10,"column":4},"end":{"line":88,"column":6}},"8":{"start":{"line":17,"column":8},"end":{"line":57,"column":10}},"9":{"start":{"line":19,"column":12},"end":{"line":19,"column":35}},"10":{"start":{"line":20,"column":12},"end":{"line":20,"column":34}},"11":{"start":{"line":22,"column":31},"end":{"line":22,"column":88}},"12":{"start":{"line":23,"column":30},"end":{"line":23,"column":64}},"13":{"start":{"line":25,"column":12},"end":{"line":25,"column":45}},"14":{"start":{"line":26,"column":12},"end":{"line":26,"column":82}},"15":{"start":{"line":27,"column":12},"end":{"line":27,"column":55}},"16":{"start":{"line":28,"column":12},"end":{"line":28,"column":79}},"17":{"start":{"line":29,"column":12},"end":{"line":29,"column":27}},"18":{"start":{"line":30,"column":12},"end":{"line":30,"column":44}},"19":{"start":{"line":31,"column":12},"end":{"line":31,"column":57}},"20":{"start":{"line":32,"column":12},"end":{"line":32,"column":57}},"21":{"start":{"line":33,"column":12},"end":{"line":33,"column":57}},"22":{"start":{"line":34,"column":12},"end":{"line":34,"column":61}},"23":{"start":{"line":35,"column":12},"end":{"line":35,"column":44}},"24":{"start":{"line":36,"column":12},"end":{"line":36,"column":76}},"25":{"start":{"line":37,"column":12},"end":{"line":37,"column":73}},"26":{"start":{"line":39,"column":27},"end":{"line":39,"column":186}},"27":{"start":{"line":41,"column":12},"end":{"line":41,"column":29}},"28":{"start":{"line":43,"column":12},"end":{"line":43,"column":46}},"29":{"start":{"line":44,"column":12},"end":{"line":44,"column":48}},"30":{"start":{"line":45,"column":12},"end":{"line":45,"column":53}},"31":{"start":{"line":46,"column":12},"end":{"line":46,"column":47}},"32":{"start":{"line":47,"column":12},"end":{"line":47,"column":80}},"33":{"start":{"line":48,"column":12},"end":{"line":48,"column":77}},"34":{"start":{"line":50,"column":25},"end":{"line":50,"column":161}},"35":{"start":{"line":52,"column":12},"end":{"line":52,"column":24}},"36":{"start":{"line":54,"column":12},"end":{"line":54,"column":34}},"37":{"start":{"line":55,"column":12},"end":{"line":55,"column":31}},"38":{"start":{"line":58,"column":8},"end":{"line":64,"column":10}},"39":{"start":{"line":59,"column":27},"end":{"line":59,"column":80}},"40":{"start":{"line":60,"column":12},"end":{"line":60,"column":39}},"41":{"start":{"line":61,"column":28},"end":{"line":61,"column":53}},"42":{"start":{"line":62,"column":12},"end":{"line":62,"column":40}},"43":{"start":{"line":65,"column":8},"end":{"line":74,"column":10}},"44":{"start":{"line":66,"column":12},"end":{"line":66,"column":46}},"45":{"start":{"line":67,"column":12},"end":{"line":73,"column":13}},"46":{"start":{"line":68,"column":16},"end":{"line":68,"column":69}},"47":{"start":{"line":69,"column":16},"end":{"line":69,"column":58}},"48":{"start":{"line":72,"column":16},"end":{"line":72,"column":84}},"49":{"start":{"line":77,"column":8},"end":{"line":86,"column":10}},"50":{"start":{"line":78,"column":12},"end":{"line":78,"column":38}},"51":{"start":{"line":79,"column":12},"end":{"line":85,"column":13}},"52":{"start":{"line":80,"column":16},"end":{"line":80,"column":69}},"53":{"start":{"line":81,"column":16},"end":{"line":81,"column":58}},"54":{"start":{"line":84,"column":16},"end":{"line":84,"column":84}},"55":{"start":{"line":87,"column":8},"end":{"line":87,"column":42}},"56":{"start":{"line":87,"column":20},"end":{"line":87,"column":41}}},"fnMap":{"0":{"name":"(anonymous_0)","decl":{"start":{"line":6,"column":18},"end":{"line":6,"column":19}},"loc":{"start":{"line":6,"column":24},"end":{"line":89,"column":1}},"line":6},"1":{"name":"(anonymous_1)","decl":{"start":{"line":8,"column":11},"end":{"line":8,"column":12}},"loc":{"start":{"line":8,"column":17},"end":{"line":8,"column":71}},"line":8},"2":{"name":"(anonymous_2)","decl":{"start":{"line":10,"column":29},"end":{"line":10,"column":30}},"loc":{"start":{"line":10,"column":35},"end":{"line":88,"column":5}},"line":10},"3":{"name":"(anonymous_3)","decl":{"start":{"line":17,"column":19},"end":{"line":17,"column":20}},"loc":{"start":{"line":17,"column":31},"end":{"line":57,"column":9}},"line":17},"4":{"name":"(anonymous_4)","decl":{"start":{"line":58,"column":50},"end":{"line":58,"column":51}},"loc":{"start":{"line":58,"column":62},"end":{"line":64,"column":9}},"line":58},"5":{"name":"(anonymous_5)","decl":{"start":{"line":65,"column":44},"end":{"line":65,"column":45}},"loc":{"start":{"line":65,"column":56},"end":{"line":74,"column":9}},"line":65},"6":{"name":"(anonymous_6)","decl":{"start":{"line":77,"column":44},"end":{"line":77,"column":45}},"loc":{"start":{"line":77,"column":56},"end":{"line":86,"column":9}},"line":77},"7":{"name":"(anonymous_7)","decl":{"start":{"line":87,"column":14},"end":{"line":87,"column":15}},"loc":{"start":{"line":87,"column":20},"end":{"line":87,"column":41}},"line":87}},"branchMap":{},"s":{"0":1,"1":1,"2":1,"3":1,"4":1,"5":1,"6":1,"7":1,"8":1,"9":3,"10":3,"11":3,"12":3,"13":3,"14":3,"15":3,"16":3,"17":3,"18":3,"19":3,"20":3,"21":3,"22":3,"23":3,"24":3,"25":3,"26":3,"27":3,"28":3,"29":3,"30":3,"31":3,"32":3,"33":3,"34":3,"35":3,"36":3,"37":3,"38":1,"39":1,"40":1,"41":1,"42":1,"43":1,"44":1,"45":1,"46":1,"47":0,"48":1,"49":1,"50":1,"51":1,"52":1,"53":0,"54":1,"55":1,"56":1},"f":{"0":1,"1":1,"2":1,"3":3,"4":1,"5":1,"6":1,"7":1},"b":{},"_coverageSchema":"43e27e138ebf9cfc5966b082cf9a028302ed4184","hash":"bf629f27a28a8271a54eb05e49d4c284886f1ab0","contentHash":"ff108720463b62a95a69176cf0f152de44f6b015d1c353e4b10179d982b2074e"},"/home/dam0ne/bootcamp/collab/skylab-bootcamp-201907/staff/jorge-garces/wannadog/wannadog-api/logic/user/authenticate-user/index.spec.js":{"path":"/home/dam0ne/bootcamp/collab/skylab-bootcamp-201907/staff/jorge-garces/wannadog/wannadog-api/logic/user/authenticate-user/index.spec.js","statementMap":{"0":{"start":{"line":1,"column":14},"end":{"line":1,"column":39}},"1":{"start":{"line":2,"column":19},"end":{"line":2,"column":34}},"2":{"start":{"line":3,"column":29},"end":{"line":3,"column":53}},"3":{"start":{"line":4,"column":17},"end":{"line":4,"column":23}},"4":{"start":{"line":6,"column":0},"end":{"line":81,"column":2}},"5":{"start":{"line":8,"column":4},"end":{"line":8,"column":72}},"6":{"start":{"line":8,"column":17},"end":{"line":8,"column":71}},"7":{"start":{"line":10,"column":4},"end":{"line":80,"column":6}},"8":{"start":{"line":13,"column":8},"end":{"line":29,"column":10}},"9":{"start":{"line":15,"column":12},"end":{"line":15,"column":42}},"10":{"start":{"line":16,"column":12},"end":{"line":16,"column":48}},"11":{"start":{"line":17,"column":12},"end":{"line":17,"column":53}},"12":{"start":{"line":18,"column":12},"end":{"line":18,"column":46}},"13":{"start":{"line":19,"column":12},"end":{"line":19,"column":76}},"14":{"start":{"line":20,"column":12},"end":{"line":20,"column":73}},"15":{"start":{"line":22,"column":12},"end":{"line":28,"column":16}},"16":{"start":{"line":23,"column":16},"end":{"line":23,"column":39}},"17":{"start":{"line":24,"column":29},"end":{"line":24,"column":73}},"18":{"start":{"line":25,"column":16},"end":{"line":25,"column":67}},"19":{"start":{"line":26,"column":16},"end":{"line":26,"column":28}},"20":{"start":{"line":27,"column":16},"end":{"line":27,"column":33}},"21":{"start":{"line":31,"column":8},"end":{"line":36,"column":10}},"22":{"start":{"line":32,"column":27},"end":{"line":32,"column":72}},"23":{"start":{"line":33,"column":12},"end":{"line":33,"column":35}},"24":{"start":{"line":34,"column":12},"end":{"line":34,"column":44}},"25":{"start":{"line":35,"column":12},"end":{"line":35,"column":39}},"26":{"start":{"line":38,"column":8},"end":{"line":46,"column":10}},"27":{"start":{"line":39,"column":27},"end":{"line":39,"column":33}},"28":{"start":{"line":41,"column":12},"end":{"line":45,"column":13}},"29":{"start":{"line":42,"column":16},"end":{"line":42,"column":65}},"30":{"start":{"line":44,"column":16},"end":{"line":44,"column":38}},"31":{"start":{"line":48,"column":8},"end":{"line":52,"column":10}},"32":{"start":{"line":49,"column":12},"end":{"line":51,"column":56}},"33":{"start":{"line":50,"column":16},"end":{"line":50,"column":52}},"34":{"start":{"line":54,"column":8},"end":{"line":58,"column":10}},"35":{"start":{"line":55,"column":12},"end":{"line":57,"column":59}},"36":{"start":{"line":56,"column":16},"end":{"line":56,"column":49}},"37":{"start":{"line":60,"column":8},"end":{"line":64,"column":10}},"38":{"start":{"line":61,"column":12},"end":{"line":63,"column":85}},"39":{"start":{"line":62,"column":16},"end":{"line":62,"column":65}},"40":{"start":{"line":66,"column":8},"end":{"line":70,"column":10}},"41":{"start":{"line":67,"column":12},"end":{"line":69,"column":75}},"42":{"start":{"line":68,"column":16},"end":{"line":68,"column":59}},"43":{"start":{"line":72,"column":8},"end":{"line":76,"column":10}},"44":{"start":{"line":73,"column":12},"end":{"line":75,"column":78}},"45":{"start":{"line":74,"column":16},"end":{"line":74,"column":56}},"46":{"start":{"line":78,"column":8},"end":{"line":78,"column":42}},"47":{"start":{"line":78,"column":20},"end":{"line":78,"column":41}}},"fnMap":{"0":{"name":"(anonymous_0)","decl":{"start":{"line":6,"column":18},"end":{"line":6,"column":19}},"loc":{"start":{"line":6,"column":24},"end":{"line":81,"column":1}},"line":6},"1":{"name":"(anonymous_1)","decl":{"start":{"line":8,"column":11},"end":{"line":8,"column":12}},"loc":{"start":{"line":8,"column":17},"end":{"line":8,"column":71}},"line":8},"2":{"name":"(anonymous_2)","decl":{"start":{"line":10,"column":36},"end":{"line":10,"column":37}},"loc":{"start":{"line":10,"column":42},"end":{"line":80,"column":5}},"line":10},"3":{"name":"(anonymous_3)","decl":{"start":{"line":13,"column":19},"end":{"line":13,"column":20}},"loc":{"start":{"line":13,"column":25},"end":{"line":29,"column":9}},"line":13},"4":{"name":"(anonymous_4)","decl":{"start":{"line":22,"column":20},"end":{"line":22,"column":21}},"loc":{"start":{"line":22,"column":32},"end":{"line":28,"column":13}},"line":22},"5":{"name":"(anonymous_5)","decl":{"start":{"line":31,"column":50},"end":{"line":31,"column":51}},"loc":{"start":{"line":31,"column":62},"end":{"line":36,"column":9}},"line":31},"6":{"name":"(anonymous_6)","decl":{"start":{"line":38,"column":44},"end":{"line":38,"column":45}},"loc":{"start":{"line":38,"column":56},"end":{"line":46,"column":9}},"line":38},"7":{"name":"(anonymous_7)","decl":{"start":{"line":48,"column":41},"end":{"line":48,"column":42}},"loc":{"start":{"line":48,"column":47},"end":{"line":52,"column":9}},"line":48},"8":{"name":"(anonymous_8)","decl":{"start":{"line":49,"column":19},"end":{"line":49,"column":20}},"loc":{"start":{"line":50,"column":16},"end":{"line":50,"column":52}},"line":50},"9":{"name":"(anonymous_9)","decl":{"start":{"line":54,"column":44},"end":{"line":54,"column":45}},"loc":{"start":{"line":54,"column":50},"end":{"line":58,"column":9}},"line":54},"10":{"name":"(anonymous_10)","decl":{"start":{"line":55,"column":19},"end":{"line":55,"column":20}},"loc":{"start":{"line":56,"column":16},"end":{"line":56,"column":49}},"line":56},"11":{"name":"(anonymous_11)","decl":{"start":{"line":60,"column":45},"end":{"line":60,"column":46}},"loc":{"start":{"line":60,"column":51},"end":{"line":64,"column":9}},"line":60},"12":{"name":"(anonymous_12)","decl":{"start":{"line":61,"column":19},"end":{"line":61,"column":20}},"loc":{"start":{"line":62,"column":16},"end":{"line":62,"column":65}},"line":62},"13":{"name":"(anonymous_13)","decl":{"start":{"line":66,"column":46},"end":{"line":66,"column":47}},"loc":{"start":{"line":66,"column":52},"end":{"line":70,"column":9}},"line":66},"14":{"name":"(anonymous_14)","decl":{"start":{"line":67,"column":19},"end":{"line":67,"column":20}},"loc":{"start":{"line":68,"column":16},"end":{"line":68,"column":59}},"line":68},"15":{"name":"(anonymous_15)","decl":{"start":{"line":72,"column":49},"end":{"line":72,"column":50}},"loc":{"start":{"line":72,"column":55},"end":{"line":76,"column":9}},"line":72},"16":{"name":"(anonymous_16)","decl":{"start":{"line":73,"column":19},"end":{"line":73,"column":20}},"loc":{"start":{"line":74,"column":16},"end":{"line":74,"column":56}},"line":74},"17":{"name":"(anonymous_17)","decl":{"start":{"line":78,"column":14},"end":{"line":78,"column":15}},"loc":{"start":{"line":78,"column":20},"end":{"line":78,"column":41}},"line":78}},"branchMap":{},"s":{"0":1,"1":1,"2":1,"3":1,"4":1,"5":1,"6":1,"7":1,"8":1,"9":7,"10":7,"11":7,"12":7,"13":7,"14":7,"15":7,"16":7,"17":7,"18":7,"19":7,"20":7,"21":1,"22":1,"23":1,"24":1,"25":1,"26":1,"27":1,"28":1,"29":1,"30":1,"31":1,"32":1,"33":1,"34":1,"35":1,"36":1,"37":1,"38":1,"39":1,"40":1,"41":1,"42":1,"43":1,"44":1,"45":1,"46":1,"47":1},"f":{"0":1,"1":1,"2":1,"3":7,"4":7,"5":1,"6":1,"7":1,"8":1,"9":1,"10":1,"11":1,"12":1,"13":1,"14":1,"15":1,"16":1,"17":1},"b":{},"_coverageSchema":"43e27e138ebf9cfc5966b082cf9a028302ed4184","hash":"3a083bfc2959fef188ba38eed3183041344e7085","contentHash":"94dafde5926210efc09a6f474358268397e79a02aa02717b4e6ddaa879cf415d"},"/home/dam0ne/bootcamp/collab/skylab-bootcamp-201907/staff/jorge-garces/wannadog/wannadog-api/logic/user/register-user/index.spec.js":{"path":"/home/dam0ne/bootcamp/collab/skylab-bootcamp-201907/staff/jorge-garces/wannadog/wannadog-api/logic/user/register-user/index.spec.js","statementMap":{"0":{"start":{"line":1,"column":14},"end":{"line":1,"column":39}},"1":{"start":{"line":2,"column":19},"end":{"line":2,"column":34}},"2":{"start":{"line":3,"column":29},"end":{"line":3,"column":53}},"3":{"start":{"line":4,"column":17},"end":{"line":4,"column":23}},"4":{"start":{"line":6,"column":0},"end":{"line":177,"column":2}},"5":{"start":{"line":8,"column":4},"end":{"line":8,"column":72}},"6":{"start":{"line":8,"column":17},"end":{"line":8,"column":71}},"7":{"start":{"line":12,"column":4},"end":{"line":22,"column":6}},"8":{"start":{"line":14,"column":8},"end":{"line":14,"column":38}},"9":{"start":{"line":15,"column":8},"end":{"line":15,"column":44}},"10":{"start":{"line":16,"column":8},"end":{"line":16,"column":50}},"11":{"start":{"line":17,"column":8},"end":{"line":17,"column":46}},"12":{"start":{"line":18,"column":8},"end":{"line":18,"column":72}},"13":{"start":{"line":19,"column":8},"end":{"
[...]
"line":10,"column":31}},"loc":{"start":{"line":10,"column":36},"end":{"line":54,"column":5}},"line":10},"3":{"name":"(anonymous_3)","decl":{"start":{"line":13,"column":19},"end":{"line":13,"column":20}},"loc":{"start":{"line":13,"column":25},"end":{"line":24,"column":9}},"line":13},"4":{"name":"(anonymous_4)","decl":{"start":{"line":19,"column":20},"end":{"line":19,"column":21}},"loc":{"start":{"line":19,"column":32},"end":{"line":23,"column":13}},"line":19},"5":{"name":"(anonymous_5)","decl":{"start":{"line":26,"column":45},"end":{"line":26,"column":46}},"loc":{"start":{"line":26,"column":57},"end":{"line":35,"column":9}},"line":26},"6":{"name":"(anonymous_6)","decl":{"start":{"line":37,"column":38},"end":{"line":37,"column":39}},"loc":{"start":{"line":37,"column":44},"end":{"line":41,"column":9}},"line":37},"7":{"name":"(anonymous_7)","decl":{"start":{"line":38,"column":19},"end":{"line":38,"column":20}},"loc":{"start":{"line":39,"column":16},"end":{"line":39,"column":38}},"line":39},"8":{"name":"(anonymous_8)","decl":{"start":{"line":43,"column":44},"end":{"line":43,"column":45}},"loc":{"start":{"line":43,"column":50},"end":{"line":47,"column":9}},"line":43},"9":{"name":"(anonymous_9)","decl":{"start":{"line":44,"column":19},"end":{"line":44,"column":20}},"loc":{"start":{"line":45,"column":16},"end":{"line":45,"column":45}},"line":45},"10":{"name":"(anonymous_10)","decl":{"start":{"line":49,"column":45},"end":{"line":49,"column":46}},"loc":{"start":{"line":49,"column":51},"end":{"line":53,"column":9}},"line":49},"11":{"name":"(anonymous_11)","decl":{"start":{"line":50,"column":19},"end":{"line":50,"column":20}},"loc":{"start":{"line":51,"column":16},"end":{"line":51,"column":39}},"line":51},"12":{"name":"(anonymous_12)","decl":{"start":{"line":56,"column":10},"end":{"line":56,"column":11}},"loc":{"start":{"line":56,"column":16},"end":{"line":56,"column":37}},"line":56}},"branchMap":{},"s":{"0":1,"1":1,"2":1,"3":1,"4":1,"5":1,"6":1,"7":1,"8":1,"9":4,"10":4,"11":4,"12":4,"13":4,"14":4,"15":4,"16":4,"17":1,"18":1,"19":1,"20":1,"21":1,"22":1,"23":1,"24":1,"25":1,"26":1,"27":1,"28":1,"29":1,"30":1,"31":1,"32":1,"33":1,"34":1,"35":1,"36":1},"f":{"0":1,"1":1,"2":1,"3":4,"4":4,"5":1,"6":1,"7":1,"8":1,"9":1,"10":1,"11":1,"12":1},"b":{},"_coverageSchema":"43e27e138ebf9cfc5966b082cf9a028302ed4184","hash":"6d65d67dcdca0d91acf8f3f2c87825189938d5b6","contentHash":"e438b8ba4bfd4dc531db77674a582de1602e964f043f0668380236bc54f09b49"},"/home/dam0ne/bootcamp/collab/skylab-bootcamp-201907/staff/jorge-garces/wannadog/wannadog-api/logic/user/toggle-favorite/index.spec.js":{"path":"/home/dam0ne/bootcamp/collab/skylab-bootcamp-201907/staff/jorge-garces/wannadog/wannadog-api/logic/user/toggle-favorite/index.spec.js","statementMap":{"0":{"start":{"line":1,"column":14},"end":{"line":1,"column":39}},"1":{"start":{"line":2,"column":19},"end":{"line":2,"column":34}},"2":{"start":{"line":3,"column":29},"end":{"line":3,"column":53}},"3":{"start":{"line":4,"column":22},"end":{"line":4,"column":28}},"4":{"start":{"line":6,"column":0},"end":{"line":93,"column":2}},"5":{"start":{"line":8,"column":4},"end":{"line":8,"column":72}},"6":{"start":{"line":8,"column":17},"end":{"line":8,"column":71}},"7":{"start":{"line":10,"column":4},"end":{"line":92,"column":6}},"8":{"start":{"line":17,"column":8},"end":{"line":53,"column":10}},"9":{"start":{"line":19,"column":12},"end":{"line":19,"column":35}},"10":{"start":{"line":20,"column":12},"end":{"line":20,"column":34}},"11":{"start":{"line":22,"column":31},"end":{"line":22,"column":88}},"12":{"start":{"line":23,"column":30},"end":{"line":23,"column":64}},"13":{"start":{"line":25,"column":12},"end":{"line":25,"column":45}},"14":{"start":{"line":26,"column":12},"end":{"line":26,"column":82}},"15":{"start":{"line":27,"column":12},"end":{"line":27,"column":55}},"16":{"start":{"line":28,"column":12},"end":{"line":28,"column":79}},"17":{"start":{"line":29,"column":12},"end":{"line":29,"column":27}},"18":{"start":{"line":30,"column":12},"end":{"line":30,"column":44}},"19":{"start":{"line":31,"column":12},"end":{"line":31,"column":57}},"20":{"start":{"line":32,"column":12},"end":{"line":32,"column":57}},"21":{"start":{"line":33,"column":12},"end":{"line":33,"column":57}},"22":{"start":{"line":34,"column":12},"end":{"line":34,"column":61}},"23":{"start":{"line":35,"column":12},"end":{"line":35,"column":44}},"24":{"start":{"line":36,"column":12},"end":{"line":36,"column":76}},"25":{"start":{"line":37,"column":12},"end":{"line":37,"column":73}},"26":{"start":{"line":39,"column":27},"end":{"line":39,"column":186}},"27":{"start":{"line":41,"column":12},"end":{"line":41,"column":29}},"28":{"start":{"line":43,"column":12},"end":{"line":43,"column":46}},"29":{"start":{"line":44,"column":12},"end":{"line":44,"column":48}},"30":{"start":{"line":45,"column":12},"end":{"line":45,"column":53}},"31":{"start":{"line":46,"column":12},"end":{"line":46,"column":47}},"32":{"start":{"line":47,"column":12},"end":{"line":47,"column":80}},"33":{"start":{"line":48,"column":12},"end":{"line":48,"column":77}},"34":{"start":{"line":50,"column":25},"end":{"line":50,"column":146}},"35":{"start":{"line":52,"column":12},"end":{"line":52,"column":24}},"36":{"start":{"line":55,"column":8},"end":{"line":60,"column":10}},"37":{"start":{"line":56,"column":12},"end":{"line":56,"column":47}},"38":{"start":{"line":57,"column":25},"end":{"line":57,"column":48}},"39":{"start":{"line":58,"column":12},"end":{"line":58,"column":46}},"40":{"start":{"line":59,"column":12},"end":{"line":59,"column":64}},"41":{"start":{"line":62,"column":8},"end":{"line":69,"column":10}},"42":{"start":{"line":63,"column":23},"end":{"line":63,"column":46}},"43":{"start":{"line":64,"column":12},"end":{"line":64,"column":38}},"44":{"start":{"line":65,"column":12},"end":{"line":65,"column":29}},"45":{"start":{"line":66,"column":12},"end":{"line":66,"column":47}},"46":{"start":{"line":67,"column":12},"end":{"line":67,"column":42}},"47":{"start":{"line":68,"column":12},"end":{"line":68,"column":50}},"48":{"start":{"line":71,"column":8},"end":{"line":79,"column":10}},"49":{"start":{"line":72,"column":12},"end":{"line":72,"column":43}},"50":{"start":{"line":73,"column":12},"end":{"line":78,"column":13}},"51":{"start":{"line":74,"column":16},"end":{"line":74,"column":51}},"52":{"start":{"line":76,"column":16},"end":{"line":76,"column":24}},"53":{"start":{"line":77,"column":16},"end":{"line":77,"column":72}},"54":{"start":{"line":81,"column":8},"end":{"line":89,"column":10}},"55":{"start":{"line":82,"column":12},"end":{"line":82,"column":46}},"56":{"start":{"line":83,"column":12},"end":{"line":88,"column":13}},"57":{"start":{"line":84,"column":16},"end":{"line":84,"column":51}},"58":{"start":{"line":86,"column":16},"end":{"line":86,"column":24}},"59":{"start":{"line":87,"column":16},"end":{"line":87,"column":74}},"60":{"start":{"line":91,"column":8},"end":{"line":91,"column":42}},"61":{"start":{"line":91,"column":20},"end":{"line":91,"column":41}}},"fnMap":{"0":{"name":"(anonymous_0)","decl":{"start":{"line":6,"column":18},"end":{"line":6,"column":19}},"loc":{"start":{"line":6,"column":24},"end":{"line":93,"column":1}},"line":6},"1":{"name":"(anonymous_1)","decl":{"start":{"line":8,"column":11},"end":{"line":8,"column":12}},"loc":{"start":{"line":8,"column":17},"end":{"line":8,"column":71}},"line":8},"2":{"name":"(anonymous_2)","decl":{"start":{"line":10,"column":32},"end":{"line":10,"column":33}},"loc":{"start":{"line":10,"column":38},"end":{"line":92,"column":5}},"line":10},"3":{"name":"(anonymous_3)","decl":{"start":{"line":17,"column":19},"end":{"line":17,"column":20}},"loc":{"start":{"line":17,"column":31},"end":{"line":53,"column":9}},"line":17},"4":{"name":"(anonymous_4)","decl":{"start":{"line":55,"column":63},"end":{"line":55,"column":64}},"loc":{"start":{"line":55,"column":75},"end":{"line":60,"column":9}},"line":55},"5":{"name":"(anonymous_5)","decl":{"start":{"line":62,"column":70},"end":{"line":62,"column":71}},"loc":{"start":{"line":62,"column":82},"end":{"line":69,"column":9}},"line":62},"6":{"name":"(anonymous_6)","decl":{"start":{"line":71,"column":47},"end":{"line":71,"column":48}},"loc":{"start":{"line":71,"column":59},"end":{"line":79,"column":9}},"line":71},"7":{"name":"(anonymous_7)","decl":{"start":{"line":81,"column":46},"end":{"line":81,"column":47}},"loc":{"start":{"line":81,"column":58},"end":{"line":89,"column":9}},"line":81},"8":{"name":"(anonymous_8)","decl":{"start":{"line":91,"column":14},"end":{"line":91,"column":15}},"loc":{"start":{"line":91,"column":20},"end":{"line":91,"column":41}},"line":91}},"branchMap":{},"s":{"0":1,"1":1,"2":1,"3":1,"4":1,"5":1,"6":1,"7":1,"8":1,"9":4,"10":4,"11":4,"12":4,"13":4,"14":4,"15":4,"16":4,"17":4,"18":4,"19":4,"20":4,"21":4,"22":4,"23":4,"24":4,"25":4,"26":4,"27":4,"28":4,"29":4,"30":4,"31":4,"32":4,"33":4,"34":4,"35":4,"36":1,"37":1,"38":1,"39":1,"40":1,"41":1,"42":1,"43":1,"44":1,"45":1,"46":1,"47":1,"48":1,"49":1,"50":1,"51":1,"52":1,"53":1,"54":1,"55":1,"56":1,"57":1,"58":1,"59":1,"60":1,"61":1},"f":{"0":1,"1":1,"2":1,"3":4,"4":1,"5":1,"6":1,"7":1,"8":1},"b":{},"_coverageSchema":"43e27e138ebf9cfc5966b082cf9a028302ed4184","hash":"3795c08695de52e416404106416de02a86bfd7c5","contentHash":"49b472058d782a0a34c8f7540d466df7574b171107d77a5330ecb77ab09515fe"},"/home/dam0ne/bootcamp/collab/skylab-bootcamp-201907/staff/jorge-garces/wannadog/wannadog-api/logic/user/unregister-user/index.spec.js":{"path":"/home/dam0ne/bootcamp/collab/skylab-bootcamp-201907/staff/jorge-garces/wannadog/wannadog-api/logic/user/unregister-user/index.spec.js","statementMap":{"0":{"start":{"line":1,"column":14},"end":{"line":1,"column":39}},"1":{"start":{"line":2,"column":19},"end":{"line":2,"column":34}},"2":{"start":{"line":3,"column":29},"end":{"line":3,"column":53}},"3":{"start":{"line":4,"column":17},"end":{"line":4,"column":23}},"4":{"start":{"line":6,"column":0},"end":{"line":58,"column":2}},"5":{"start":{"line":8,"column":4},"end":{"line":8,"column":72}},"6":{"start":{"line":8,"column":17},"end":{"line":8,"column":71}},"7":{"start":{"line":10,"column":4},"end":{"line":57,"column":6}},"8":{"start":{"line":14,"column":8},"end":{"line":26,"column":10}},"9":{"start":{"line":15,"column":12},"end":{"line":15,"column":42}},"10":{"start":{"line":16,"column":12},"end":{"line":16,"column":48}},"11":{"start":{"line":17,"column":12},"end":{"line":17,"column":55}},"12":{"start":{"line":18,"column":12},"end":{"line":18,"column":50}},"13":{"start":{"line":19,"column":12},"end":{"line":19,"column":35}},"14":{"start":{"line":20,"column":25},"end":{"line":20,"column":69}},"15":{"start":{"line":21,"column":12},"end":{"line":21,"column":24}},"16":{"start":{"line":22,"column":12},"end":{"line":22,"column":82}},"17":{"start":{"line":24,"column":12},"end":{"line":24,"column":29}},"18":{"start":{"line":25,"column":12},"end":{"line":25,"column":20}},"19":{"start":{"line":27,"column":8},"end":{"line":33,"column":10}},"20":{"start":{"line":28,"column":27},"end":{"line":28,"column":74}},"21":{"start":{"line":29,"column":12},"end":{"line":29,"column":39}},"22":{"start":{"line":30,"column":29},"end":{"line":30,"column":52}},"23":{"start":{"line":31,"column":12},"end":{"line":31,"column":41}},"24":{"start":{"line":34,"column":8},"end":{"line":44,"column":10}},"25":{"start":{"line":35,"column":12},"end":{"line":35,"column":43}},"26":{"start":{"line":36,"column":12},"end":{"line":42,"column":13}},"27":{"start":{"line":37,"column":16},"end":{"line":37,"column":63}},"28":{"start":{"line":38,"column":16},"end":{"line":38,"column":58}},"29":{"start":{"line":41,"column":16},"end":{"line":41,"column":85}},"30":{"start":{"line":45,"column":8},"end":{"line":55,"column":10}},"31":{"start":{"line":46,"column":12},"end":{"line":46,"column":39}},"32":{"start":{"line":47,"column":12},"end":{"line":53,"column":13}},"33":{"start":{"line":48,"column":16},"end":{"line":48,"column":63}},"34":{"start":{"line":49,"column":16},"end":{"line":49,"column":58}},"35":{"start":{"line":52,"column":16},"end":{"line":52,"column":85}},"36":{"start":{"line":56,"column":8},"end":{"line":56,"column":42}},"37":{"start":{"line":56,"column":20},"end":{"line":56,"column":41}}},"fnMap":{"0":{"name":"(anonymous_0)","decl":{"start":{"line":6,"column":18},"end":{"line":6,"column":19}},"loc":{"start":{"line":6,"column":24},"end":{"line":58,"column":1}},"line":6},"1":{"name":"(anonymous_1)","decl":{"start":{"line":8,"column":11},"end":{"line":8,"column":12}},"loc":{"start":{"line":8,"column":17},"end":{"line":8,"column":71}},"line":8},"2":{"name":"(anonymous_2)","decl":{"start":{"line":10,"column":30},"end":{"line":10,"column":31}},"loc":{"start":{"line":10,"column":36},"end":{"line":57,"column":5}},"line":10},"3":{"name":"(anonymous_3)","decl":{"start":{"line":14,"column":19},"end":{"line":14,"column":20}},"loc":{"start":{"line":14,"column":31},"end":{"line":26,"column":9}},"line":14},"4":{"name":"(anonymous_4)","decl":{"start":{"line":27,"column":45},"end":{"line":27,"column":46}},"loc":{"start":{"line":27,"column":57},"end":{"line":33,"column":9}},"line":27},"5":{"name":"(anonymous_5)","decl":{"start":{"line":34,"column":45},"end":{"line":34,"column":46}},"loc":{"start":{"line":34,"column":57},"end":{"line":44,"column":9}},"line":34},"6":{"name":"(anonymous_6)","decl":{"start":{"line":45,"column":63},"end":{"line":45,"column":64}},"loc":{"start":{"line":45,"column":75},"end":{"line":55,"column":9}},"line":45},"7":{"name":"(anonymous_7)","decl":{"start":{"line":56,"column":14},"end":{"line":56,"column":15}},"loc":{"start":{"line":56,"column":20},"end":{"line":56,"column":41}},"line":56}},"branchMap":{},"s":{"0":1,"1":1,"2":1,"3":1,"4":1,"5":1,"6":1,"7":1,"8":1,"9":3,"10":3,"11":3,"12":3,"13":3,"14":3,"15":3,"16":3,"17":3,"18":3,"19":1,"20":1,"21":1,"22":1,"23":1,"24":1,"25":1,"26":1,"27":1,"28":0,"29":1,"30":1,"31":1,"32":1,"33":1,"34":0,"35":1,"36":1,"37":1},"f":{"0":1,"1":1,"2":1,"3":3,"4":1,"5":1,"6":1,"7":1},"b":{},"_coverageSchema":"43e27e138ebf9cfc5966b082cf9a028302ed4184","hash":"4d4dfe9efbcb2fe148e0ae5ef3590a79297c909d","contentHash":"c2a18e672d85ee6e9ba78a47c70c4a824baad3eaf7497fcde405da0e8e88f1d8"},"/home/dam0ne/bootcamp/collab/skylab-bootcamp-201907/staff/jorge-garces/wannadog/wannadog-api/logic/user/update-user/index.spec.js":{"path":"/home/dam0ne/bootcamp/collab/skylab-bootcamp-201907/staff/jorge-garces/wannadog/wannadog-api/logic/user/update-user/index.spec.js","statementMap":{"0":{"start":{"line":1,"column":14},"end":{"line":1,"column":39}},"1":{"start":{"line":2,"column":19},"end":{"line":2,"column":34}},"2":{"start":{"line":3,"column":29},"end":{"line":3,"column":53}},"3":{"start":{"line":4,"column":17},"end":{"line":4,"column":23}},"4":{"start":{"line":6,"column":0},"end":{"line":60,"column":2}},"5":{"start":{"line":8,"column":4},"end":{"line":8,"column":72}},"6":{"start":{"line":8,"column":17},"end":{"line":8,"column":71}},"7":{"start":{"line":10,"column":4},"end":{"line":12,"column":6}},"8":{"start":{"line":11,"column":8},"end":{"line":11,"column":31}},"9":{"start":{"line":13,"column":4},"end":{"line":58,"column":6}},"10":{"start":{"line":15,"column":8},"end":{"line":31,"column":10}},"11":{"start":{"line":17,"column":12},"end":{"line":17,"column":42}},"12":{"start":{"line":18,"column":12},"end":{"line":18,"column":48}},"13":{"start":{"line":19,"column":12},"end":{"line":19,"column":53}},"14":{"start":{"line":20,"column":12},"end":{"line":20,"column":46}},"15":{"start":{"line":21,"column":12},"end":{"line":21,"column":76}},"16":{"start":{"line":22,"column":12},"end":{"line":22,"column":73}},"17":{"start":{"line":24,"column":12},"end":{"line":30,"column":16}},"18":{"start":{"line":25,"column":16},"end":{"line":25,"column":39}},"19":{"start":{"line":26,"column":29},"end":{"line":26,"column":73}},"20":{"start":{"line":27,"column":16},"end":{"line":27,"column":67}},"21":{"start":{"line":28,"column":16},"end":{"line":28,"column":28}},"22":{"start":{"line":29,"column":16},"end":{"line":29,"column":33}},"23":{"start":{"line":33,"column":8},"end":{"line":47,"column":10}},"24":{"start":{"line":35,"column":25},"end":{"line":35,"column":183}},"25":{"start":{"line":37,"column":12},"end":{"line":37,"column":37}},"26":{"start":{"line":39,"column":31},"end":{"line":39,"column":62}},"27":{"start":{"line":40,"column":12},"end":{"line":40,"column":39}},"28":{"start":{"line":41,"column":12},"end":{"line":41,"column":55}},"29":{"start":{"line":42,"column":12},"end":{"line":42,"column":61}},"30":{"start":{"line":43,"column":12},"end":{"line":43,"column":62}},"31":{"start":{"line":44,"column":12},"end":{"line":44,"column":63}},"32":{"start":{"line":45,"column":12},"end":{"line":45,"column":77}},"33":{"start":{"line":48,"column":8},"end":{"line":52,"column":9}},"34":{"start":{"line":49,"column":12},"end":{"line":51,"column":46}},"35":{"start":{"line":50,"column":16},"end":{"line":50,"column":129}},"36":{"start":{"line":53,"column":8},"end":{"line":57,"column":9}},"37":{"start":{"line":54,"column":12},"end":{"line":56,"column":65}},"38":{"start":{"line":55,"column":16},"end":{"line":55,"column":136}},"39":{"start":{"line":59,"column":4},"end":{"line":59,"column":38}},"40":{"start":{"line":59,"column":16},"end":{"line":59,"column":37}}},"fnMap":{"0":{"name":"(anonymous_0)","decl":{"start":{"line":6,"column":30},"end":{"line":6,"column":31}},"loc":{"start":{"line":6,"column":36},"end":{"line":60,"column":1}},"line":6},"1":{"name":"(anonymous_1)","decl":{"start":{"line":8,"column":11},"end":{"line":8,"column":12}},"loc":{"start":{"line":8,"column":17},"end":{"line":8,"column":71}},"line":8},"2":{"name":"(anonymous_2)","decl":{"start":{"line":10,"column":15},"end":{"line":10,"column":16}},"loc":{"start":{"line":10,"column":27},"end":{"line":12,"column":5}},"line":10},"3":{"name":"(anonymous_3)","decl":{"start":{"line":13,"column":28},"end":{"line":13,"column":29}},"loc":{"start":{"line":13,"column":34},"end":{"line":58,"column":5}},"line":13},"4":{"name":"(anonymous_4)","decl":{"start":{"line":15,"column":19},"end":{"line":15,"column":20}},"loc":{"start":{"line":15,"column":25},"end":{"line":31,"column":9}},"line":15},"5":{"name":"(anonymous_5)","decl":{"start":{"line":24,"column":20},"end":{"line":24,"column":21}},"loc":{"start":{"line":24,"column":32},"end":{"line":30,"column":13}},"line":24},"6":{"name":"(anonymous_6)","decl":{"start":{"line":33,"column":45},"end":{"line":33,"column":46}},"loc":{"start":{"line":33,"column":57},"end":{"line":47,"column":9}},"line":33},"7":{"name":"(anonymous_7)","decl":{"start":{"line":48,"column":38},"end":{"line":48,"column":39}},"loc":{"start":{"line":49,"column":12},"end":{"line":51,"column":46}},"line":49},"8":{"name":"(anonymous_8)","decl":{"start":{"line":49,"column":19},"end":{"line":49,"column":20}},"loc":{"start":{"line":50,"column":16},"end":{"line":50,"column":129}},"line":50},"9":{"name":"(anonymous_9)","decl":{"start":{"line":53,"column":42},"end":{"line":53,"column":43}},"loc":{"start":{"line":54,"column":12},"end":{"line":56,"column":65}},"line":54},"10":{"name":"(anonymous_10)","decl":{"start":{"line":54,"column":19},"end":{"line":54,"column":20}},"loc":{"start":{"line":55,"column":16},"end":{"line":55,"column":136}},"line":55},"11":{"name":"(anonymous_11)","decl":{"start":{"line":59,"column":10},"end":{"line":59,"column":11}},"loc":{"start":{"line":59,"column":16},"end":{"line":59,"column":37}},"line":59}},"branchMap":{},"s":{"0":1,"1":1,"2":1,"3":1,"4":1,"5":1,"6":1,"7":1,"8":3,"9":1,"10":1,"11":3,"12":3,"13":3,"14":3,"15":3,"16":3,"17":3,"18":3,"19":3,"20":3,"21":3,"22":3,"23":1,"24":1,"25":1,"26":1,"27":1,"28":1,"29":1,"30":1,"31":1,"32":1,"33":1,"34":1,"35":1,"36":1,"37":1,"38":1,"39":1,"40":1},"f":{"0":1,"1":1,"2":3,"3":1,"4":3,"5":3,"6":1,"7":1,"8":1,"9":1,"10":1,"11":1},"b":{},"_coverageSchema":"43e27e138ebf9cfc5966b082cf9a028302ed4184","hash":"5b1ac5f2756878496c5dc579ea7ffc7efa72537f","contentHash":"f8d91f073ab3ac54d8a29cdfee350b70ba641b802deb6989dcbf4d48662754d0"}}